Sun, 03 Mar 2024 21:21:47 -03 INF ..\..\..\runneradmin\go\pkg\mod\github.com\portapps\portapps\v3@v3.3.1\portapps.go:118 > --------
Sun, 03 Mar 2024 21:21:47 -03 INF ..\..\..\runneradmin\go\pkg\mod\github.com\portapps\portapps\v3@v3.3.1\portapps.go:119 > Operating System: Windows 10.0.22631
Sun, 03 Mar 2024 21:21:47 -03 INF ..\..\..\runneradmin\go\pkg\mod\github.com\portapps\portapps\v3@v3.3.1\portapps.go:120 > Starting VLC 3.0.16-11 (portapps 3.3.1)...
Sun, 03 Mar 2024 21:21:47 -03 INF ..\..\..\runneradmin\go\pkg\mod\github.com\portapps\portapps\v3@v3.3.1\portapps.go:121 > Release date: 2021/08/23 00:12:24
Sun, 03 Mar 2024 21:21:47 -03 INF ..\..\..\runneradmin\go\pkg\mod\github.com\portapps\portapps\v3@v3.3.1\portapps.go:122 > Publisher: CrazyMax (https://github.com/portapps/vlc-portable)
Sun, 03 Mar 2024 21:21:47 -03 INF ..\..\..\runneradmin\go\pkg\mod\github.com\portapps\portapps\v3@v3.3.1\portapps.go:123 > Root path: C:\Users\Fabio\Desktop\vlc-portable-win64-3.0.16-11
Sun, 03 Mar 2024 21:21:47 -03 INF ..\..\..\runneradmin\go\pkg\mod\github.com\portapps\portapps\v3@v3.3.1\portapps.go:127 > Configuration:
common:
  disable_log: false
  args: []
  env: {}
  app_path: ""
app:
  cleanup: false
  verbose: "1"

Sun, 03 Mar 2024 21:21:47 -03 WRN D:/a/vlc-portable/vlc-portable/main.go:86 > Cannot import registry key error="reg file C:\\Users\\Fabio\\Desktop\\vlc-portable-win64-3.0.16-11\\reg\\VLC.reg not found"
Sun, 03 Mar 2024 21:21:47 -03 INF ..\..\..\runneradmin\go\pkg\mod\github.com\portapps\portapps\v3@v3.3.1\portapps.go:167 > Process: C:\Users\Fabio\Desktop\vlc-portable-win64-3.0.16-11\app\vlc.exe
Sun, 03 Mar 2024 21:21:47 -03 INF ..\..\..\runneradmin\go\pkg\mod\github.com\portapps\portapps\v3@v3.3.1\portapps.go:168 > Args (config file): 
Sun, 03 Mar 2024 21:21:47 -03 INF ..\..\..\runneradmin\go\pkg\mod\github.com\portapps\portapps\v3@v3.3.1\portapps.go:169 > Args (cmd line): 
Sun, 03 Mar 2024 21:21:47 -03 INF ..\..\..\runneradmin\go\pkg\mod\github.com\portapps\portapps\v3@v3.3.1\portapps.go:170 > Args (hardcoded): --vlm-conf=C:\Users\Fabio\Desktop\vlc-portable-win64-3.0.16-11\data\vlcrc --config=C:\Users\Fabio\Desktop\vlc-portable-win64-3.0.16-11\data\vlcrc --no-plugins-cache --no-qt-updates-notif
Sun, 03 Mar 2024 21:21:47 -03 INF ..\..\..\runneradmin\go\pkg\mod\github.com\portapps\portapps\v3@v3.3.1\portapps.go:171 > Working dir: C:\Users\Fabio\Desktop\vlc-portable-win64-3.0.16-11\app
Sun, 03 Mar 2024 21:21:47 -03 INF ..\..\..\runneradmin\go\pkg\mod\github.com\portapps\portapps\v3@v3.3.1\portapps.go:172 > App path: C:\Users\Fabio\Desktop\vlc-portable-win64-3.0.16-11\app
Sun, 03 Mar 2024 21:21:47 -03 INF ..\..\..\runneradmin\go\pkg\mod\github.com\portapps\portapps\v3@v3.3.1\portapps.go:173 > Data path: C:\Users\Fabio\Desktop\vlc-portable-win64-3.0.16-11\data
Sun, 03 Mar 2024 21:21:47 -03 INF ..\..\..\runneradmin\go\pkg\mod\github.com\portapps\portapps\v3@v3.3.1\portapps.go:174 > Previous path: 
Sun, 03 Mar 2024 21:21:47 -03 INF ..\..\..\runneradmin\go\pkg\mod\github.com\portapps\portapps\v3@v3.3.1\portapps.go:180 > Launching VLC
Sun, 03 Mar 2024 21:21:47 -03 INF ..\..\..\runneradmin\go\pkg\mod\github.com\portapps\portapps\v3@v3.3.1\portapps.go:190 > Exec C:\Users\Fabio\Desktop\vlc-portable-win64-3.0.16-11\app\vlc.exe --vlm-conf=C:\Users\Fabio\Desktop\vlc-portable-win64-3.0.16-11\data\vlcrc --config=C:\Users\Fabio\Desktop\vlc-portable-win64-3.0.16-11\data\vlcrc --no-plugins-cache --no-qt-updates-notif
Sun, 03 Mar 2024 21:22:29 -03 INF ..\..\..\runneradmin\go\pkg\mod\github.com\portapps\portapps\v3@v3.3.1\portapps.go:118 > --------
Sun, 03 Mar 2024 21:22:29 -03 INF ..\..\..\runneradmin\go\pkg\mod\github.com\portapps\portapps\v3@v3.3.1\portapps.go:119 > Operating System: Windows 10.0.22631
Sun, 03 Mar 2024 21:22:29 -03 INF ..\..\..\runneradmin\go\pkg\mod\github.com\portapps\portapps\v3@v3.3.1\portapps.go:120 > Starting VLC 3.0.16-11 (portapps 3.3.1)...
Sun, 03 Mar 2024 21:22:29 -03 INF ..\..\..\runneradmin\go\pkg\mod\github.com\portapps\portapps\v3@v3.3.1\portapps.go:121 > Release date: 2021/08/23 00:12:24
Sun, 03 Mar 2024 21:22:29 -03 INF ..\..\..\runneradmin\go\pkg\mod\github.com\portapps\portapps\v3@v3.3.1\portapps.go:122 > Publisher: CrazyMax (https://github.com/portapps/vlc-portable)
Sun, 03 Mar 2024 21:22:29 -03 INF ..\..\..\runneradmin\go\pkg\mod\github.com\portapps\portapps\v3@v3.3.1\portapps.go:123 > Root path: C:\Users\Fabio\Desktop\vlc-portable-win64-3.0.16-11
Sun, 03 Mar 2024 21:22:29 -03 INF ..\..\..\runneradmin\go\pkg\mod\github.com\portapps\portapps\v3@v3.3.1\portapps.go:127 > Configuration:
common:
  disable_log: false
  args: []
  env: {}
  app_path: ""
app:
  cleanup: false
  verbose: "1"

Sun, 03 Mar 2024 21:22:29 -03 WRN D:/a/vlc-portable/vlc-portable/main.go:86 > Cannot import registry key error="reg file C:\\Users\\Fabio\\Desktop\\vlc-portable-win64-3.0.16-11\\reg\\VLC.reg not found"
Sun, 03 Mar 2024 21:22:29 -03 INF ..\..\..\runneradmin\go\pkg\mod\github.com\portapps\portapps\v3@v3.3.1\portapps.go:167 > Process: C:\Users\Fabio\Desktop\vlc-portable-win64-3.0.16-11\app\vlc.exe
Sun, 03 Mar 2024 21:22:29 -03 INF ..\..\..\runneradmin\go\pkg\mod\github.com\portapps\portapps\v3@v3.3.1\portapps.go:168 > Args (config file): 
Sun, 03 Mar 2024 21:22:29 -03 INF ..\..\..\runneradmin\go\pkg\mod\github.com\portapps\portapps\v3@v3.3.1\portapps.go:169 > Args (cmd line): 
Sun, 03 Mar 2024 21:22:29 -03 INF ..\..\..\runneradmin\go\pkg\mod\github.com\portapps\portapps\v3@v3.3.1\portapps.go:170 > Args (hardcoded): --vlm-conf=C:\Users\Fabio\Desktop\vlc-portable-win64-3.0.16-11\data\vlcrc --config=C:\Users\Fabio\Desktop\vlc-portable-win64-3.0.16-11\data\vlcrc --no-plugins-cache --no-qt-updates-notif
Sun, 03 Mar 2024 21:22:29 -03 INF ..\..\..\runneradmin\go\pkg\mod\github.com\portapps\portapps\v3@v3.3.1\portapps.go:171 > Working dir: C:\Users\Fabio\Desktop\vlc-portable-win64-3.0.16-11\app
Sun, 03 Mar 2024 21:22:29 -03 INF ..\..\..\runneradmin\go\pkg\mod\github.com\portapps\portapps\v3@v3.3.1\portapps.go:172 > App path: C:\Users\Fabio\Desktop\vlc-portable-win64-3.0.16-11\app
Sun, 03 Mar 2024 21:22:29 -03 INF ..\..\..\runneradmin\go\pkg\mod\github.com\portapps\portapps\v3@v3.3.1\portapps.go:173 > Data path: C:\Users\Fabio\Desktop\vlc-portable-win64-3.0.16-11\data
Sun, 03 Mar 2024 21:22:29 -03 INF ..\..\..\runneradmin\go\pkg\mod\github.com\portapps\portapps\v3@v3.3.1\portapps.go:174 > Previous path: 
Sun, 03 Mar 2024 21:22:29 -03 INF ..\..\..\runneradmin\go\pkg\mod\github.com\portapps\portapps\v3@v3.3.1\portapps.go:180 > Launching VLC
Sun, 03 Mar 2024 21:22:29 -03 INF ..\..\..\runneradmin\go\pkg\mod\github.com\portapps\portapps\v3@v3.3.1\portapps.go:190 > Exec C:\Users\Fabio\Desktop\vlc-portable-win64-3.0.16-11\app\vlc.exe --vlm-conf=C:\Users\Fabio\Desktop\vlc-portable-win64-3.0.16-11\data\vlcrc --config=C:\Users\Fabio\Desktop\vlc-portable-win64-3.0.16-11\data\vlcrc --no-plugins-cache --no-qt-updates-notif
[0000021cff2b2aa0] main vlm daemon error: Load error on line 1: ﻿###: Unknown VLM command
[0000021cff213d30] main libvlc warning: error while loading the configuration file
[0000021cff213d30] main libvlc: Executando o VLC com a interface padrão. Use 'cvlc' para usar o VLC sem interface.
[0000021cff2b2c60] main playlist: playlist is empty
Sun, 03 Mar 2024 21:22:34 -03 INF ..\..\..\runneradmin\go\pkg\mod\github.com\portapps\portapps\v3@v3.3.1\portapps.go:211 > Closing VLC
[000001dc89533db0] main libvlc warning: error while loading the configuration file
[000001dc89533db0] main libvlc: Executando o VLC com a interface padrão. Use 'cvlc' para usar o VLC sem interface.
[000001dc8b34ee80] main playlist: playlist is empty
Sun, 03 Mar 2024 21:22:41 -03 INF ..\..\..\runneradmin\go\pkg\mod\github.com\portapps\portapps\v3@v3.3.1\portapps.go:211 > Closing VLC
Sun, 03 Mar 2024 21:22:43 -03 INF ..\..\..\runneradmin\go\pkg\mod\github.com\portapps\portapps\v3@v3.3.1\portapps.go:118 > --------
Sun, 03 Mar 2024 21:22:43 -03 INF ..\..\..\runneradmin\go\pkg\mod\github.com\portapps\portapps\v3@v3.3.1\portapps.go:119 > Operating System: Windows 10.0.22631
Sun, 03 Mar 2024 21:22:43 -03 INF ..\..\..\runneradmin\go\pkg\mod\github.com\portapps\portapps\v3@v3.3.1\portapps.go:120 > Starting VLC 3.0.16-11 (portapps 3.3.1)...
Sun, 03 Mar 2024 21:22:43 -03 INF ..\..\..\runneradmin\go\pkg\mod\github.com\portapps\portapps\v3@v3.3.1\portapps.go:121 > Release date: 2021/08/23 00:12:24
Sun, 03 Mar 2024 21:22:43 -03 INF ..\..\..\runneradmin\go\pkg\mod\github.com\portapps\portapps\v3@v3.3.1\portapps.go:122 > Publisher: CrazyMax (https://github.com/portapps/vlc-portable)
Sun, 03 Mar 2024 21:22:43 -03 INF ..\..\..\runneradmin\go\pkg\mod\github.com\portapps\portapps\v3@v3.3.1\portapps.go:123 > Root path: C:\Users\Fabio\Desktop\vlc-portable-win64-3.0.16-11
Sun, 03 Mar 2024 21:22:43 -03 INF ..\..\..\runneradmin\go\pkg\mod\github.com\portapps\portapps\v3@v3.3.1\portapps.go:127 > Configuration:
common:
  disable_log: false
  args: []
  env: {}
  app_path: ""
app:
  cleanup: false
  verbose: "1"

Sun, 03 Mar 2024 21:22:43 -03 WRN D:/a/vlc-portable/vlc-portable/main.go:86 > Cannot import registry key error="reg file C:\\Users\\Fabio\\Desktop\\vlc-portable-win64-3.0.16-11\\reg\\VLC.reg not found"
Sun, 03 Mar 2024 21:22:43 -03 INF ..\..\..\runneradmin\go\pkg\mod\github.com\portapps\portapps\v3@v3.3.1\portapps.go:167 > Process: C:\Users\Fabio\Desktop\vlc-portable-win64-3.0.16-11\app\vlc.exe
Sun, 03 Mar 2024 21:22:43 -03 INF ..\..\..\runneradmin\go\pkg\mod\github.com\portapps\portapps\v3@v3.3.1\portapps.go:168 > Args (config file): 
Sun, 03 Mar 2024 21:22:43 -03 INF ..\..\..\runneradmin\go\pkg\mod\github.com\portapps\portapps\v3@v3.3.1\portapps.go:169 > Args (cmd line): 
Sun, 03 Mar 2024 21:22:43 -03 INF ..\..\..\runneradmin\go\pkg\mod\github.com\portapps\portapps\v3@v3.3.1\portapps.go:170 > Args (hardcoded): --vlm-conf=C:\Users\Fabio\Desktop\vlc-portable-win64-3.0.16-11\data\vlcrc --config=C:\Users\Fabio\Desktop\vlc-portable-win64-3.0.16-11\data\vlcrc --no-plugins-cache --no-qt-updates-notif
Sun, 03 Mar 2024 21:22:43 -03 INF ..\..\..\runneradmin\go\pkg\mod\github.com\portapps\portapps\v3@v3.3.1\portapps.go:171 > Working dir: C:\Users\Fabio\Desktop\vlc-portable-win64-3.0.16-11\app
Sun, 03 Mar 2024 21:22:43 -03 INF ..\..\..\runneradmin\go\pkg\mod\github.com\portapps\portapps\v3@v3.3.1\portapps.go:172 > App path: C:\Users\Fabio\Desktop\vlc-portable-win64-3.0.16-11\app
Sun, 03 Mar 2024 21:22:43 -03 INF ..\..\..\runneradmin\go\pkg\mod\github.com\portapps\portapps\v3@v3.3.1\portapps.go:173 > Data path: C:\Users\Fabio\Desktop\vlc-portable-win64-3.0.16-11\data
Sun, 03 Mar 2024 21:22:43 -03 INF ..\..\..\runneradmin\go\pkg\mod\github.com\portapps\portapps\v3@v3.3.1\portapps.go:174 > Previous path: C:\Users\Fabio\Desktop\vlc-portable-win64-3.0.16-11
Sun, 03 Mar 2024 21:22:43 -03 INF ..\..\..\runneradmin\go\pkg\mod\github.com\portapps\portapps\v3@v3.3.1\portapps.go:180 > Launching VLC
Sun, 03 Mar 2024 21:22:43 -03 INF ..\..\..\runneradmin\go\pkg\mod\github.com\portapps\portapps\v3@v3.3.1\portapps.go:190 > Exec C:\Users\Fabio\Desktop\vlc-portable-win64-3.0.16-11\app\vlc.exe --vlm-conf=C:\Users\Fabio\Desktop\vlc-portable-win64-3.0.16-11\data\vlcrc --config=C:\Users\Fabio\Desktop\vlc-portable-win64-3.0.16-11\data\vlcrc --no-plugins-cache --no-qt-updates-notif
Sun, 03 Mar 2024 21:33:38 -03 INF ..\..\..\..\..\Users\runneradmin\go\pkg\mod\github.com\portapps\portapps\v3@v3.3.1\portapps.go:118 > --------
Sun, 03 Mar 2024 21:33:38 -03 INF ..\..\..\..\..\Users\runneradmin\go\pkg\mod\github.com\portapps\portapps\v3@v3.3.1\portapps.go:119 > Operating System: Windows 10.0.22631
Sun, 03 Mar 2024 21:33:38 -03 INF ..\..\..\..\..\Users\runneradmin\go\pkg\mod\github.com\portapps\portapps\v3@v3.3.1\portapps.go:120 > Starting VLC 3.0.16-11 (portapps 3.3.1)...
Sun, 03 Mar 2024 21:33:38 -03 INF ..\..\..\..\..\Users\runneradmin\go\pkg\mod\github.com\portapps\portapps\v3@v3.3.1\portapps.go:121 > Release date: 2021/08/23 00:12:24
Sun, 03 Mar 2024 21:33:38 -03 INF ..\..\..\..\..\Users\runneradmin\go\pkg\mod\github.com\portapps\portapps\v3@v3.3.1\portapps.go:122 > Publisher: CrazyMax (https://github.com/portapps/vlc-portable)
Sun, 03 Mar 2024 21:33:38 -03 INF ..\..\..\..\..\Users\runneradmin\go\pkg\mod\github.com\portapps\portapps\v3@v3.3.1\portapps.go:123 > Root path: C:\Phantasy\Beta\MagoaTube\modules\tubimVLC\vlc
Sun, 03 Mar 2024 21:33:38 -03 INF ..\..\..\..\..\Users\runneradmin\go\pkg\mod\github.com\portapps\portapps\v3@v3.3.1\portapps.go:127 > Configuration:
common:
  disable_log: false
  args: []
  env: {}
  app_path: ""
app:
  cleanup: false
  verbose: "1"

Sun, 03 Mar 2024 21:33:38 -03 WRN D:/a/vlc-portable/vlc-portable/main.go:86 > Cannot import registry key error="reg file C:\\Phantasy\\Beta\\MagoaTube\\modules\\tubimVLC\\vlc\\reg\\VLC.reg not found"
Sun, 03 Mar 2024 21:33:38 -03 INF ..\..\..\..\..\Users\runneradmin\go\pkg\mod\github.com\portapps\portapps\v3@v3.3.1\portapps.go:167 > Process: C:\Phantasy\Beta\MagoaTube\modules\tubimVLC\vlc\app\vlc.exe
Sun, 03 Mar 2024 21:33:38 -03 INF ..\..\..\..\..\Users\runneradmin\go\pkg\mod\github.com\portapps\portapps\v3@v3.3.1\portapps.go:168 > Args (config file): 
Sun, 03 Mar 2024 21:33:38 -03 INF ..\..\..\..\..\Users\runneradmin\go\pkg\mod\github.com\portapps\portapps\v3@v3.3.1\portapps.go:169 > Args (cmd line): https://rr1---sn-qxn3uv2npbh5oxu-8j2z.googlevideo.com/videoplayback?expire=1709534020&ei=5BblZYKwKaWC-LAP-cmemAo&ip=2804%3A868%3Ad057%3A4d8b%3A4042%3A5456%3Ae743%3Ae0bd&id=o-AFSI7sTn5hILfSMXarezya-MkCrEcQqddqeqxTQQTeH1&itag=22&source=youtube&requiressl=yes&xpc=EgVo2aDSNQ%3D%3D&mh=4H&mm=31%2C29&mn=sn-qxn3uv2npbh5oxu-8j2z%2Csn-bg0s7nls&ms=au%2Crdu&mv=m&mvi=1&pl=48&initcwndbps=515000&spc=UWF9f-VuqIHguEOTB6K5ZBOR2gaEvo1QiExRqH8Djocs8qU&vprv=1&svpuc=1&mime=video%2Fmp4&cnr=14&ratebypass=yes&dur=2284.936&lmt=1709443515620524&mt=1709512177&fvip=4&fexp=24007246&c=ANDROID&txp=5532434&sparams=expire%2Cei%2Cip%2Cid%2Citag%2Csource%2Crequiressl%2Cxpc%2Cspc%2Cvprv%2Csvpuc%2Cmime%2Ccnr%2Cratebypass%2Cdur%2Clmt&sig=AJfQdSswRAIgVsSSYSF-AenIWyOZ9I7IbmEwXDLUco9bv5fqvKcOrxQCIEQOSIP1k0TnXVVSQBaleBHvTib-9UWgG2BmHTj7v9eB&lsparams=mh%2Cmm%2Cmn%2Cms%2Cmv%2Cmvi%2Cpl%2Cinitcwndbps&lsig=APTiJQcwRgIhAOBc079n9UuyT5NM2_fjWLbB7pDj_xJrNAtsn_RIGb2sAiEAm3pv7geFY3XMIAR9aEaYIOS8MZKBWLM20gCfIAmRcJI%3D
Sun, 03 Mar 2024 21:33:38 -03 INF ..\..\..\..\..\Users\runneradmin\go\pkg\mod\github.com\portapps\portapps\v3@v3.3.1\portapps.go:170 > Args (hardcoded): --vlm-conf=C:\Phantasy\Beta\MagoaTube\modules\tubimVLC\vlc\data\vlcrc --config=C:\Phantasy\Beta\MagoaTube\modules\tubimVLC\vlc\data\vlcrc --no-plugins-cache --no-qt-updates-notif
Sun, 03 Mar 2024 21:33:38 -03 INF ..\..\..\..\..\Users\runneradmin\go\pkg\mod\github.com\portapps\portapps\v3@v3.3.1\portapps.go:171 > Working dir: C:\Phantasy\Beta\MagoaTube\modules\tubimVLC\vlc\app
Sun, 03 Mar 2024 21:33:38 -03 INF ..\..\..\..\..\Users\runneradmin\go\pkg\mod\github.com\portapps\portapps\v3@v3.3.1\portapps.go:172 > App path: C:\Phantasy\Beta\MagoaTube\modules\tubimVLC\vlc\app
Sun, 03 Mar 2024 21:33:38 -03 INF ..\..\..\..\..\Users\runneradmin\go\pkg\mod\github.com\portapps\portapps\v3@v3.3.1\portapps.go:173 > Data path: C:\Phantasy\Beta\MagoaTube\modules\tubimVLC\vlc\data
Sun, 03 Mar 2024 21:33:38 -03 INF ..\..\..\..\..\Users\runneradmin\go\pkg\mod\github.com\portapps\portapps\v3@v3.3.1\portapps.go:174 > Previous path: C:\Users\Fabio\Desktop\vlc-portable-win64-3.0.16-11
Sun, 03 Mar 2024 21:33:38 -03 INF ..\..\..\..\..\Users\runneradmin\go\pkg\mod\github.com\portapps\portapps\v3@v3.3.1\portapps.go:180 > Launching VLC
Sun, 03 Mar 2024 21:33:38 -03 INF ..\..\..\..\..\Users\runneradmin\go\pkg\mod\github.com\portapps\portapps\v3@v3.3.1\portapps.go:190 > Exec C:\Phantasy\Beta\MagoaTube\modules\tubimVLC\vlc\app\vlc.exe https://rr1---sn-qxn3uv2npbh5oxu-8j2z.googlevideo.com/videoplayback?expire=1709534020&ei=5BblZYKwKaWC-LAP-cmemAo&ip=2804%3A868%3Ad057%3A4d8b%3A4042%3A5456%3Ae743%3Ae0bd&id=o-AFSI7sTn5hILfSMXarezya-MkCrEcQqddqeqxTQQTeH1&itag=22&source=youtube&requiressl=yes&xpc=EgVo2aDSNQ%3D%3D&mh=4H&mm=31%2C29&mn=sn-qxn3uv2npbh5oxu-8j2z%2Csn-bg0s7nls&ms=au%2Crdu&mv=m&mvi=1&pl=48&initcwndbps=515000&spc=UWF9f-VuqIHguEOTB6K5ZBOR2gaEvo1QiExRqH8Djocs8qU&vprv=1&svpuc=1&mime=video%2Fmp4&cnr=14&ratebypass=yes&dur=2284.936&lmt=1709443515620524&mt=1709512177&fvip=4&fexp=24007246&c=ANDROID&txp=5532434&sparams=expire%2Cei%2Cip%2Cid%2Citag%2Csource%2Crequiressl%2Cxpc%2Cspc%2Cvprv%2Csvpuc%2Cmime%2Ccnr%2Cratebypass%2Cdur%2Clmt&sig=AJfQdSswRAIgVsSSYSF-AenIWyOZ9I7IbmEwXDLUco9bv5fqvKcOrxQCIEQOSIP1k0TnXVVSQBaleBHvTib-9UWgG2BmHTj7v9eB&lsparams=mh%2Cmm%2Cmn%2Cms%2Cmv%2Cmvi%2Cpl%2Cinitcwndbps&lsig=APTiJQcwRgIhAOBc079n9UuyT5NM2_fjWLbB7pDj_xJrNAtsn_RIGb2sAiEAm3pv7geFY3XMIAR9aEaYIOS8MZKBWLM20gCfIAmRcJI%3D --vlm-conf=C:\Phantasy\Beta\MagoaTube\modules\tubimVLC\vlc\data\vlcrc --config=C:\Phantasy\Beta\MagoaTube\modules\tubimVLC\vlc\data\vlcrc --no-plugins-cache --no-qt-updates-notif
[0000018c9380eac0] main vlm daemon error: Load error on line 1: ﻿###: Unknown VLM command
[0000018c9195a0a0] main libvlc warning: error while loading the configuration file
[0000018c9195a0a0] main libvlc: Executando o VLC com a interface padrão. Use 'cvlc' para usar o VLC sem interface.
[0000018c93bf2670] mp4 demux warning: elst box found
[0000018c93bf2670] mp4 demux warning: STTS table of 1 entries
[0000018c93bf2670] mp4 demux warning: CTTS table of 57847 entries
[0000018c93bf2670] mp4 demux warning: STTS table of 1 entries
[0000018c94acad60] faad decoder warning: decoded zero sample
[0000018c93b39560] d3d11va generic warning: not enough decoding slices in the texture (6/24)
[0000018c945c57f0] avcodec decoder: Using D3D11VA (NVIDIA GeForce RTX 3070, vendor 10de(NVIDIA), device 2488, revision a1) for hardware decoding
[0000018c94bd5610] main video output warning: picture is too late to be displayed (missing 31 ms)
[0000018c947a2b50] qt window warning: orphaned video window
[0000018c93cd7af0] direct3d11 vout display error: SetThumbNailClip failed: 0x800706f4
Sun, 03 Mar 2024 21:33:57 -03 INF ..\..\..\..\..\Users\runneradmin\go\pkg\mod\github.com\portapps\portapps\v3@v3.3.1\portapps.go:211 > Closing VLC
Sun, 03 Mar 2024 21:35:51 -03 INF ..\..\..\..\..\Users\runneradmin\go\pkg\mod\github.com\portapps\portapps\v3@v3.3.1\portapps.go:118 > --------
Sun, 03 Mar 2024 21:35:51 -03 INF ..\..\..\..\..\Users\runneradmin\go\pkg\mod\github.com\portapps\portapps\v3@v3.3.1\portapps.go:119 > Operating System: Windows 10.0.22631
Sun, 03 Mar 2024 21:35:51 -03 INF ..\..\..\..\..\Users\runneradmin\go\pkg\mod\github.com\portapps\portapps\v3@v3.3.1\portapps.go:120 > Starting VLC 3.0.16-11 (portapps 3.3.1)...
Sun, 03 Mar 2024 21:35:51 -03 INF ..\..\..\..\..\Users\runneradmin\go\pkg\mod\github.com\portapps\portapps\v3@v3.3.1\portapps.go:121 > Release date: 2021/08/23 00:12:24
Sun, 03 Mar 2024 21:35:51 -03 INF ..\..\..\..\..\Users\runneradmin\go\pkg\mod\github.com\portapps\portapps\v3@v3.3.1\portapps.go:122 > Publisher: CrazyMax (https://github.com/portapps/vlc-portable)
Sun, 03 Mar 2024 21:35:51 -03 INF ..\..\..\..\..\Users\runneradmin\go\pkg\mod\github.com\portapps\portapps\v3@v3.3.1\portapps.go:123 > Root path: C:\Phantasy\Beta\MagoaTube\modules\tubimVLC\vlc
Sun, 03 Mar 2024 21:35:51 -03 INF ..\..\..\..\..\Users\runneradmin\go\pkg\mod\github.com\portapps\portapps\v3@v3.3.1\portapps.go:127 > Configuration:
common:
  disable_log: false
  args: []
  env: {}
  app_path: ""
app:
  cleanup: false
  verbose: "1"

Sun, 03 Mar 2024 21:35:51 -03 WRN D:/a/vlc-portable/vlc-portable/main.go:86 > Cannot import registry key error="reg file C:\\Phantasy\\Beta\\MagoaTube\\modules\\tubimVLC\\vlc\\reg\\VLC.reg not found"
Sun, 03 Mar 2024 21:35:51 -03 INF ..\..\..\..\..\Users\runneradmin\go\pkg\mod\github.com\portapps\portapps\v3@v3.3.1\portapps.go:167 > Process: C:\Phantasy\Beta\MagoaTube\modules\tubimVLC\vlc\app\vlc.exe
Sun, 03 Mar 2024 21:35:51 -03 INF ..\..\..\..\..\Users\runneradmin\go\pkg\mod\github.com\portapps\portapps\v3@v3.3.1\portapps.go:168 > Args (config file): 
Sun, 03 Mar 2024 21:35:51 -03 INF ..\..\..\..\..\Users\runneradmin\go\pkg\mod\github.com\portapps\portapps\v3@v3.3.1\portapps.go:169 > Args (cmd line): https://rr1---sn-qxn3uv2npbh5oxu-8j2z.googlevideo.com/videoplayback?expire=1709534154&ei=ahflZdrdDZyV-LAPia2JqAM&ip=2804%3A868%3Ad057%3A4d8b%3A4042%3A5456%3Ae743%3Ae0bd&id=o-AAkesf0o-7qOxFeLBXKCGj0NBOsH25sZO4lyUD7eFo1z&itag=22&source=youtube&requiressl=yes&xpc=EgVo2aDSNQ%3D%3D&mh=4H&mm=31%2C29&mn=sn-qxn3uv2npbh5oxu-8j2z%2Csn-bg0eznz7&ms=au%2Crdu&mv=m&mvi=1&pl=48&initcwndbps=515000&spc=UWF9f-3YcYsr_0QO9HjjHsiqC3MynuLKjJqoVMSQd4W_8Kc&vprv=1&svpuc=1&mime=video%2Fmp4&cnr=14&ratebypass=yes&dur=2284.936&lmt=1709443515620524&mt=1709512177&fvip=4&fexp=24007246&c=ANDROID&txp=5532434&sparams=expire%2Cei%2Cip%2Cid%2Citag%2Csource%2Crequiressl%2Cxpc%2Cspc%2Cvprv%2Csvpuc%2Cmime%2Ccnr%2Cratebypass%2Cdur%2Clmt&sig=AJfQdSswRQIgE5-5t2ZH99711s9u565pDZ3iYseLXeqMXAvqYn_ApdECIQD6wyJajqS3eA8HFjT_0CHziGux8PWEE-jZ-5ieTD6rCw%3D%3D&lsparams=mh%2Cmm%2Cmn%2Cms%2Cmv%2Cmvi%2Cpl%2Cinitcwndbps&lsig=APTiJQcwRQIgA3g8KEU45KO47eO1dhqGSQ-3sVUO1aO6jbjAJ5nKYPsCIQCHbyIfw7uAgnJfNPsQswI_y_TbxSA-4jhDgB7EJ373UQ%3D%3D --meta-title Nikolas Ferreira: ‘A direita é uma ameaça ao STF’
Sun, 03 Mar 2024 21:35:51 -03 INF ..\..\..\..\..\Users\runneradmin\go\pkg\mod\github.com\portapps\portapps\v3@v3.3.1\portapps.go:170 > Args (hardcoded): --vlm-conf=C:\Phantasy\Beta\MagoaTube\modules\tubimVLC\vlc\data\vlcrc --config=C:\Phantasy\Beta\MagoaTube\modules\tubimVLC\vlc\data\vlcrc --no-plugins-cache --no-qt-updates-notif
Sun, 03 Mar 2024 21:35:51 -03 INF ..\..\..\..\..\Users\runneradmin\go\pkg\mod\github.com\portapps\portapps\v3@v3.3.1\portapps.go:171 > Working dir: C:\Phantasy\Beta\MagoaTube\modules\tubimVLC\vlc\app
Sun, 03 Mar 2024 21:35:51 -03 INF ..\..\..\..\..\Users\runneradmin\go\pkg\mod\github.com\portapps\portapps\v3@v3.3.1\portapps.go:172 > App path: C:\Phantasy\Beta\MagoaTube\modules\tubimVLC\vlc\app
Sun, 03 Mar 2024 21:35:51 -03 INF ..\..\..\..\..\Users\runneradmin\go\pkg\mod\github.com\portapps\portapps\v3@v3.3.1\portapps.go:173 > Data path: C:\Phantasy\Beta\MagoaTube\modules\tubimVLC\vlc\data
Sun, 03 Mar 2024 21:35:51 -03 INF ..\..\..\..\..\Users\runneradmin\go\pkg\mod\github.com\portapps\portapps\v3@v3.3.1\portapps.go:174 > Previous path: C:\Phantasy\Beta\MagoaTube\modules\tubimVLC\vlc
Sun, 03 Mar 2024 21:35:51 -03 INF ..\..\..\..\..\Users\runneradmin\go\pkg\mod\github.com\portapps\portapps\v3@v3.3.1\portapps.go:180 > Launching VLC
Sun, 03 Mar 2024 21:35:51 -03 INF ..\..\..\..\..\Users\runneradmin\go\pkg\mod\github.com\portapps\portapps\v3@v3.3.1\portapps.go:190 > Exec C:\Phantasy\Beta\MagoaTube\modules\tubimVLC\vlc\app\vlc.exe https://rr1---sn-qxn3uv2npbh5oxu-8j2z.googlevideo.com/videoplayback?expire=1709534154&ei=ahflZdrdDZyV-LAPia2JqAM&ip=2804%3A868%3Ad057%3A4d8b%3A4042%3A5456%3Ae743%3Ae0bd&id=o-AAkesf0o-7qOxFeLBXKCGj0NBOsH25sZO4lyUD7eFo1z&itag=22&source=youtube&requiressl=yes&xpc=EgVo2aDSNQ%3D%3D&mh=4H&mm=31%2C29&mn=sn-qxn3uv2npbh5oxu-8j2z%2Csn-bg0eznz7&ms=au%2Crdu&mv=m&mvi=1&pl=48&initcwndbps=515000&spc=UWF9f-3YcYsr_0QO9HjjHsiqC3MynuLKjJqoVMSQd4W_8Kc&vprv=1&svpuc=1&mime=video%2Fmp4&cnr=14&ratebypass=yes&dur=2284.936&lmt=1709443515620524&mt=1709512177&fvip=4&fexp=24007246&c=ANDROID&txp=5532434&sparams=expire%2Cei%2Cip%2Cid%2Citag%2Csource%2Crequiressl%2Cxpc%2Cspc%2Cvprv%2Csvpuc%2Cmime%2Ccnr%2Cratebypass%2Cdur%2Clmt&sig=AJfQdSswRQIgE5-5t2ZH99711s9u565pDZ3iYseLXeqMXAvqYn_ApdECIQD6wyJajqS3eA8HFjT_0CHziGux8PWEE-jZ-5ieTD6rCw%3D%3D&lsparams=mh%2Cmm%2Cmn%2Cms%2Cmv%2Cmvi%2Cpl%2Cinitcwndbps&lsig=APTiJQcwRQIgA3g8KEU45KO47eO1dhqGSQ-3sVUO1aO6jbjAJ5nKYPsCIQCHbyIfw7uAgnJfNPsQswI_y_TbxSA-4jhDgB7EJ373UQ%3D%3D --meta-title Nikolas Ferreira: ‘A direita é uma ameaça ao STF’ --vlm-conf=C:\Phantasy\Beta\MagoaTube\modules\tubimVLC\vlc\data\vlcrc --config=C:\Phantasy\Beta\MagoaTube\modules\tubimVLC\vlc\data\vlcrc --no-plugins-cache --no-qt-updates-notif
[00000248ea7aeb10] main vlm daemon error: Load error on line 1: ﻿###: Unknown VLM command
[00000248e896a1a0] main libvlc warning: error while loading the configuration file
[00000248e896a1a0] main libvlc: Executando o VLC com a interface padrão. Use 'cvlc' para usar o VLC sem interface.
[00000248eaac2530] mp4 demux warning: elst box found
[00000248eaac2530] mp4 demux warning: STTS table of 1 entries
[00000248eaac2530] mp4 demux warning: CTTS table of 57847 entries
[00000248eaac2530] mp4 demux warning: STTS table of 1 entries
[00000248ebad6880] faad decoder warning: decoded zero sample
[00000248eab0fbb0] d3d11va generic warning: not enough decoding slices in the texture (6/24)
[00000248eba8f560] avcodec decoder: Using D3D11VA (NVIDIA GeForce RTX 3070, vendor 10de(NVIDIA), device 2488, revision a1) for hardware decoding
[00000248eaaf5aa0] qt window warning: orphaned video window
[00000248eb9a69b0] direct3d11 vout display error: SetThumbNailClip failed: 0x800706f4
Sun, 03 Mar 2024 21:36:12 -03 INF ..\..\..\..\..\Users\runneradmin\go\pkg\mod\github.com\portapps\portapps\v3@v3.3.1\portapps.go:211 > Closing VLC
Sun, 03 Mar 2024 21:38:17 -03 INF ..\..\..\..\..\Users\runneradmin\go\pkg\mod\github.com\portapps\portapps\v3@v3.3.1\portapps.go:118 > --------
Sun, 03 Mar 2024 21:38:17 -03 INF ..\..\..\..\..\Users\runneradmin\go\pkg\mod\github.com\portapps\portapps\v3@v3.3.1\portapps.go:119 > Operating System: Windows 10.0.22631
Sun, 03 Mar 2024 21:38:17 -03 INF ..\..\..\..\..\Users\runneradmin\go\pkg\mod\github.com\portapps\portapps\v3@v3.3.1\portapps.go:120 > Starting VLC 3.0.16-11 (portapps 3.3.1)...
Sun, 03 Mar 2024 21:38:17 -03 INF ..\..\..\..\..\Users\runneradmin\go\pkg\mod\github.com\portapps\portapps\v3@v3.3.1\portapps.go:121 > Release date: 2021/08/23 00:12:24
Sun, 03 Mar 2024 21:38:17 -03 INF ..\..\..\..\..\Users\runneradmin\go\pkg\mod\github.com\portapps\portapps\v3@v3.3.1\portapps.go:122 > Publisher: CrazyMax (https://github.com/portapps/vlc-portable)
Sun, 03 Mar 2024 21:38:17 -03 INF ..\..\..\..\..\Users\runneradmin\go\pkg\mod\github.com\portapps\portapps\v3@v3.3.1\portapps.go:123 > Root path: C:\Phantasy\Beta\MagoaTube\modules\tubimVLC\vlc
Sun, 03 Mar 2024 21:38:17 -03 INF ..\..\..\..\..\Users\runneradmin\go\pkg\mod\github.com\portapps\portapps\v3@v3.3.1\portapps.go:127 > Configuration:
common:
  disable_log: false
  args: []
  env: {}
  app_path: ""
app:
  cleanup: false
  verbose: "1"

Sun, 03 Mar 2024 21:38:17 -03 WRN D:/a/vlc-portable/vlc-portable/main.go:86 > Cannot import registry key error="reg file C:\\Phantasy\\Beta\\MagoaTube\\modules\\tubimVLC\\vlc\\reg\\VLC.reg not found"
Sun, 03 Mar 2024 21:38:17 -03 INF ..\..\..\..\..\Users\runneradmin\go\pkg\mod\github.com\portapps\portapps\v3@v3.3.1\portapps.go:167 > Process: C:\Phantasy\Beta\MagoaTube\modules\tubimVLC\vlc\app\vlc.exe
Sun, 03 Mar 2024 21:38:17 -03 INF ..\..\..\..\..\Users\runneradmin\go\pkg\mod\github.com\portapps\portapps\v3@v3.3.1\portapps.go:168 > Args (config file): 
Sun, 03 Mar 2024 21:38:17 -03 INF ..\..\..\..\..\Users\runneradmin\go\pkg\mod\github.com\portapps\portapps\v3@v3.3.1\portapps.go:169 > Args (cmd line): https://rr2---sn-qxn3uv2npbh5oxu-8j26.googlevideo.com/videoplayback?expire=1709534299&ei=-xflZd3FFarj-LAP86qJ0AM&ip=2804%3A868%3Ad057%3A4d8b%3A4042%3A5456%3Ae743%3Ae0bd&id=o-APRq8kA-EW3o4gOVO8tdeL4h2lcvEm4StWhpCRClCTht&itag=22&source=youtube&requiressl=yes&xpc=EgVo2aDSNQ%3D%3D&mh=V8&mm=31%2C29&mn=sn-qxn3uv2npbh5oxu-8j26%2Csn-bg0s7n76&ms=au%2Crdu&mv=m&mvi=2&pcm2cms=yes&pl=48&pcm2=yes&initcwndbps=627500&spc=UWF9f94ZTmLGFIP_hOzdR-QbEaLQVoHhCcw7VX1RDF5WJy0&vprv=1&svpuc=1&mime=video%2Fmp4&cnr=14&ratebypass=yes&dur=879.664&lmt=1709263594603569&mt=1709512177&fvip=4&fexp=24007246&c=ANDROID&txp=5432434&sparams=expire%2Cei%2Cip%2Cid%2Citag%2Csource%2Crequiressl%2Cxpc%2Cpcm2%2Cspc%2Cvprv%2Csvpuc%2Cmime%2Ccnr%2Cratebypass%2Cdur%2Clmt&sig=AJfQdSswRQIhAMZkeNLSN3boKnYnkGXnVQ2cJr6KrnEzlFeV0bZREC_0AiAgxgHOXZnE8Q3DGxouPl5qd0OnxhM2yePQC__d1zT6PQ%3D%3D&lsparams=mh%2Cmm%2Cmn%2Cms%2Cmv%2Cmvi%2Cpcm2cms%2Cpl%2Cinitcwndbps&lsig=APTiJQcwRAIgdt9MkW8GpD5UXXSyq9mJpO64rKDv9P5Mcly5myzRB4sCIB7o34YEPj1jwQ2H5Cshiad1HmE26kqYVqv68gGp_nl1 --meta-title 🤯NOVO Ideogram 1.0 é o MELHOR Gerador de Imagens com IA. NÃO tem Censura! #ideogram
Sun, 03 Mar 2024 21:38:17 -03 INF ..\..\..\..\..\Users\runneradmin\go\pkg\mod\github.com\portapps\portapps\v3@v3.3.1\portapps.go:170 > Args (hardcoded): --vlm-conf=C:\Phantasy\Beta\MagoaTube\modules\tubimVLC\vlc\data\vlcrc --config=C:\Phantasy\Beta\MagoaTube\modules\tubimVLC\vlc\data\vlcrc --no-plugins-cache --no-qt-updates-notif
Sun, 03 Mar 2024 21:38:17 -03 INF ..\..\..\..\..\Users\runneradmin\go\pkg\mod\github.com\portapps\portapps\v3@v3.3.1\portapps.go:171 > Working dir: C:\Phantasy\Beta\MagoaTube\modules\tubimVLC\vlc\app
Sun, 03 Mar 2024 21:38:17 -03 INF ..\..\..\..\..\Users\runneradmin\go\pkg\mod\github.com\portapps\portapps\v3@v3.3.1\portapps.go:172 > App path: C:\Phantasy\Beta\MagoaTube\modules\tubimVLC\vlc\app
Sun, 03 Mar 2024 21:38:17 -03 INF ..\..\..\..\..\Users\runneradmin\go\pkg\mod\github.com\portapps\portapps\v3@v3.3.1\portapps.go:173 > Data path: C:\Phantasy\Beta\MagoaTube\modules\tubimVLC\vlc\data
Sun, 03 Mar 2024 21:38:17 -03 INF ..\..\..\..\..\Users\runneradmin\go\pkg\mod\github.com\portapps\portapps\v3@v3.3.1\portapps.go:174 > Previous path: C:\Phantasy\Beta\MagoaTube\modules\tubimVLC\vlc
Sun, 03 Mar 2024 21:38:17 -03 INF ..\..\..\..\..\Users\runneradmin\go\pkg\mod\github.com\portapps\portapps\v3@v3.3.1\portapps.go:180 > Launching VLC
Sun, 03 Mar 2024 21:38:17 -03 INF ..\..\..\..\..\Users\runneradmin\go\pkg\mod\github.com\portapps\portapps\v3@v3.3.1\portapps.go:190 > Exec C:\Phantasy\Beta\MagoaTube\modules\tubimVLC\vlc\app\vlc.exe https://rr2---sn-qxn3uv2npbh5oxu-8j26.googlevideo.com/videoplayback?expire=1709534299&ei=-xflZd3FFarj-LAP86qJ0AM&ip=2804%3A868%3Ad057%3A4d8b%3A4042%3A5456%3Ae743%3Ae0bd&id=o-APRq8kA-EW3o4gOVO8tdeL4h2lcvEm4StWhpCRClCTht&itag=22&source=youtube&requiressl=yes&xpc=EgVo2aDSNQ%3D%3D&mh=V8&mm=31%2C29&mn=sn-qxn3uv2npbh5oxu-8j26%2Csn-bg0s7n76&ms=au%2Crdu&mv=m&mvi=2&pcm2cms=yes&pl=48&pcm2=yes&initcwndbps=627500&spc=UWF9f94ZTmLGFIP_hOzdR-QbEaLQVoHhCcw7VX1RDF5WJy0&vprv=1&svpuc=1&mime=video%2Fmp4&cnr=14&ratebypass=yes&dur=879.664&lmt=1709263594603569&mt=1709512177&fvip=4&fexp=24007246&c=ANDROID&txp=5432434&sparams=expire%2Cei%2Cip%2Cid%2Citag%2Csource%2Crequiressl%2Cxpc%2Cpcm2%2Cspc%2Cvprv%2Csvpuc%2Cmime%2Ccnr%2Cratebypass%2Cdur%2Clmt&sig=AJfQdSswRQIhAMZkeNLSN3boKnYnkGXnVQ2cJr6KrnEzlFeV0bZREC_0AiAgxgHOXZnE8Q3DGxouPl5qd0OnxhM2yePQC__d1zT6PQ%3D%3D&lsparams=mh%2Cmm%2Cmn%2Cms%2Cmv%2Cmvi%2Cpcm2cms%2Cpl%2Cinitcwndbps&lsig=APTiJQcwRAIgdt9MkW8GpD5UXXSyq9mJpO64rKDv9P5Mcly5myzRB4sCIB7o34YEPj1jwQ2H5Cshiad1HmE26kqYVqv68gGp_nl1 --meta-title 🤯NOVO Ideogram 1.0 é o MELHOR Gerador de Imagens com IA. NÃO tem Censura! #ideogram --vlm-conf=C:\Phantasy\Beta\MagoaTube\modules\tubimVLC\vlc\data\vlcrc --config=C:\Phantasy\Beta\MagoaTube\modules\tubimVLC\vlc\data\vlcrc --no-plugins-cache --no-qt-updates-notif
[0000015fdc8568b0] main vlm daemon error: Load error on line 1: ﻿###: Unknown VLM command
[0000015fdaa6a230] main libvlc warning: error while loading the configuration file
[0000015fdaa6a230] main libvlc: Executando o VLC com a interface padrão. Use 'cvlc' para usar o VLC sem interface.
[0000015fdca73440] mp4 demux warning: elst box found
[0000015fdca73440] mp4 demux warning: STTS table of 1 entries
[0000015fdca73440] mp4 demux warning: CTTS table of 20339 entries
[0000015fdca73440] mp4 demux warning: STTS table of 1 entries
[0000015fdd76c830] faad decoder warning: decoded zero sample
[0000015fdcceec00] d3d11va generic warning: not enough decoding slices in the texture (6/24)
[0000015fdd76c4a0] avcodec decoder: Using D3D11VA (NVIDIA GeForce RTX 3070, vendor 10de(NVIDIA), device 2488, revision a1) for hardware decoding
[0000015fdd7717e0] qt window warning: orphaned video window
[0000015fdda952c0] direct3d11 vout display error: SetThumbNailClip failed: 0x800706f4
Sun, 03 Mar 2024 21:38:40 -03 INF ..\..\..\..\..\Users\runneradmin\go\pkg\mod\github.com\portapps\portapps\v3@v3.3.1\portapps.go:211 > Closing VLC
Sun, 03 Mar 2024 21:38:55 -03 INF ..\..\..\..\..\Users\runneradmin\go\pkg\mod\github.com\portapps\portapps\v3@v3.3.1\portapps.go:118 > --------
Sun, 03 Mar 2024 21:38:55 -03 INF ..\..\..\..\..\Users\runneradmin\go\pkg\mod\github.com\portapps\portapps\v3@v3.3.1\portapps.go:119 > Operating System: Windows 10.0.22631
Sun, 03 Mar 2024 21:38:55 -03 INF ..\..\..\..\..\Users\runneradmin\go\pkg\mod\github.com\portapps\portapps\v3@v3.3.1\portapps.go:120 > Starting VLC 3.0.16-11 (portapps 3.3.1)...
Sun, 03 Mar 2024 21:38:55 -03 INF ..\..\..\..\..\Users\runneradmin\go\pkg\mod\github.com\portapps\portapps\v3@v3.3.1\portapps.go:121 > Release date: 2021/08/23 00:12:24
Sun, 03 Mar 2024 21:38:55 -03 INF ..\..\..\..\..\Users\runneradmin\go\pkg\mod\github.com\portapps\portapps\v3@v3.3.1\portapps.go:122 > Publisher: CrazyMax (https://github.com/portapps/vlc-portable)
Sun, 03 Mar 2024 21:38:55 -03 INF ..\..\..\..\..\Users\runneradmin\go\pkg\mod\github.com\portapps\portapps\v3@v3.3.1\portapps.go:123 > Root path: C:\Phantasy\Beta\MagoaTube\modules\tubimVLC\vlc
Sun, 03 Mar 2024 21:38:55 -03 INF ..\..\..\..\..\Users\runneradmin\go\pkg\mod\github.com\portapps\portapps\v3@v3.3.1\portapps.go:127 > Configuration:
common:
  disable_log: false
  args: []
  env: {}
  app_path: ""
app:
  cleanup: false
  verbose: "1"

Sun, 03 Mar 2024 21:38:55 -03 WRN D:/a/vlc-portable/vlc-portable/main.go:86 > Cannot import registry key error="reg file C:\\Phantasy\\Beta\\MagoaTube\\modules\\tubimVLC\\vlc\\reg\\VLC.reg not found"
Sun, 03 Mar 2024 21:38:55 -03 INF ..\..\..\..\..\Users\runneradmin\go\pkg\mod\github.com\portapps\portapps\v3@v3.3.1\portapps.go:167 > Process: C:\Phantasy\Beta\MagoaTube\modules\tubimVLC\vlc\app\vlc.exe
Sun, 03 Mar 2024 21:38:55 -03 INF ..\..\..\..\..\Users\runneradmin\go\pkg\mod\github.com\portapps\portapps\v3@v3.3.1\portapps.go:168 > Args (config file): 
Sun, 03 Mar 2024 21:38:55 -03 INF ..\..\..\..\..\Users\runneradmin\go\pkg\mod\github.com\portapps\portapps\v3@v3.3.1\portapps.go:169 > Args (cmd line): https://rr2---sn-qxn3uv2npbh5oxu-8j26.googlevideo.com/videoplayback?expire=1709534338&ei=IhjlZd_1AbiH-LAPl5OCwAI&ip=2804%3A868%3Ad057%3A4d8b%3A4042%3A5456%3Ae743%3Ae0bd&id=o-ADRCSpPTJZURlJF8zV32m4f-goiNj_w8QeJW8TUqfamD&itag=22&source=youtube&requiressl=yes&xpc=EgVo2aDSNQ%3D%3D&mh=V8&mm=31%2C29&mn=sn-qxn3uv2npbh5oxu-8j26%2Csn-bg0eznzr&ms=au%2Crdu&mv=m&mvi=2&pl=48&initcwndbps=627500&spc=UWF9f15R2KXyupUD6sGg6vUMuPSrJJH-FCooawi-ccqF16A&vprv=1&svpuc=1&mime=video%2Fmp4&cnr=14&ratebypass=yes&dur=879.664&lmt=1709263594603569&mt=1709512177&fvip=3&fexp=24007246&c=ANDROID&txp=5432434&sparams=expire%2Cei%2Cip%2Cid%2Citag%2Csource%2Crequiressl%2Cxpc%2Cspc%2Cvprv%2Csvpuc%2Cmime%2Ccnr%2Cratebypass%2Cdur%2Clmt&sig=AJfQdSswRQIhAMv3YSSzHB27aUp5hKFVtdIaVfHSIjkk1N4zLesrpBaBAiB5QlVLxZKcw6djImtxZpblJlQ-kvE11b7RJ9XmJqqNzg%3D%3D&lsparams=mh%2Cmm%2Cmn%2Cms%2Cmv%2Cmvi%2Cpl%2Cinitcwndbps&lsig=APTiJQcwRQIhAIwcxCbQ0X6pk6X4a1Teb4_i8NYkdJnQM8XfoA0z0_3tAiA0wqGmp680DqeDiUC0xhGXfQaejoguwq8jOejNVEPhBQ%3D%3D --meta-title 🤯NOVO Ideogram 1.0 é o MELHOR Gerador de Imagens com IA. NÃO tem Censura! #ideogram
Sun, 03 Mar 2024 21:38:55 -03 INF ..\..\..\..\..\Users\runneradmin\go\pkg\mod\github.com\portapps\portapps\v3@v3.3.1\portapps.go:170 > Args (hardcoded): --vlm-conf=C:\Phantasy\Beta\MagoaTube\modules\tubimVLC\vlc\data\vlcrc --config=C:\Phantasy\Beta\MagoaTube\modules\tubimVLC\vlc\data\vlcrc --no-plugins-cache --no-qt-updates-notif
Sun, 03 Mar 2024 21:38:55 -03 INF ..\..\..\..\..\Users\runneradmin\go\pkg\mod\github.com\portapps\portapps\v3@v3.3.1\portapps.go:171 > Working dir: C:\Phantasy\Beta\MagoaTube\modules\tubimVLC\vlc\app
Sun, 03 Mar 2024 21:38:55 -03 INF ..\..\..\..\..\Users\runneradmin\go\pkg\mod\github.com\portapps\portapps\v3@v3.3.1\portapps.go:172 > App path: C:\Phantasy\Beta\MagoaTube\modules\tubimVLC\vlc\app
Sun, 03 Mar 2024 21:38:55 -03 INF ..\..\..\..\..\Users\runneradmin\go\pkg\mod\github.com\portapps\portapps\v3@v3.3.1\portapps.go:173 > Data path: C:\Phantasy\Beta\MagoaTube\modules\tubimVLC\vlc\data
Sun, 03 Mar 2024 21:38:55 -03 INF ..\..\..\..\..\Users\runneradmin\go\pkg\mod\github.com\portapps\portapps\v3@v3.3.1\portapps.go:174 > Previous path: C:\Phantasy\Beta\MagoaTube\modules\tubimVLC\vlc
Sun, 03 Mar 2024 21:38:55 -03 INF ..\..\..\..\..\Users\runneradmin\go\pkg\mod\github.com\portapps\portapps\v3@v3.3.1\portapps.go:180 > Launching VLC
Sun, 03 Mar 2024 21:38:55 -03 INF ..\..\..\..\..\Users\runneradmin\go\pkg\mod\github.com\portapps\portapps\v3@v3.3.1\portapps.go:190 > Exec C:\Phantasy\Beta\MagoaTube\modules\tubimVLC\vlc\app\vlc.exe https://rr2---sn-qxn3uv2npbh5oxu-8j26.googlevideo.com/videoplayback?expire=1709534338&ei=IhjlZd_1AbiH-LAPl5OCwAI&ip=2804%3A868%3Ad057%3A4d8b%3A4042%3A5456%3Ae743%3Ae0bd&id=o-ADRCSpPTJZURlJF8zV32m4f-goiNj_w8QeJW8TUqfamD&itag=22&source=youtube&requiressl=yes&xpc=EgVo2aDSNQ%3D%3D&mh=V8&mm=31%2C29&mn=sn-qxn3uv2npbh5oxu-8j26%2Csn-bg0eznzr&ms=au%2Crdu&mv=m&mvi=2&pl=48&initcwndbps=627500&spc=UWF9f15R2KXyupUD6sGg6vUMuPSrJJH-FCooawi-ccqF16A&vprv=1&svpuc=1&mime=video%2Fmp4&cnr=14&ratebypass=yes&dur=879.664&lmt=1709263594603569&mt=1709512177&fvip=3&fexp=24007246&c=ANDROID&txp=5432434&sparams=expire%2Cei%2Cip%2Cid%2Citag%2Csource%2Crequiressl%2Cxpc%2Cspc%2Cvprv%2Csvpuc%2Cmime%2Ccnr%2Cratebypass%2Cdur%2Clmt&sig=AJfQdSswRQIhAMv3YSSzHB27aUp5hKFVtdIaVfHSIjkk1N4zLesrpBaBAiB5QlVLxZKcw6djImtxZpblJlQ-kvE11b7RJ9XmJqqNzg%3D%3D&lsparams=mh%2Cmm%2Cmn%2Cms%2Cmv%2Cmvi%2Cpl%2Cinitcwndbps&lsig=APTiJQcwRQIhAIwcxCbQ0X6pk6X4a1Teb4_i8NYkdJnQM8XfoA0z0_3tAiA0wqGmp680DqeDiUC0xhGXfQaejoguwq8jOejNVEPhBQ%3D%3D --meta-title 🤯NOVO Ideogram 1.0 é o MELHOR Gerador de Imagens com IA. NÃO tem Censura! #ideogram --vlm-conf=C:\Phantasy\Beta\MagoaTube\modules\tubimVLC\vlc\data\vlcrc --config=C:\Phantasy\Beta\MagoaTube\modules\tubimVLC\vlc\data\vlcrc --no-plugins-cache --no-qt-updates-notif
[00000206a5a7d350] main vlm daemon error: Load error on line 1: ﻿###: Unknown VLM command
[00000206a5a7a1d0] main libvlc warning: error while loading the configuration file
[00000206a5a7a1d0] main libvlc: Executando o VLC com a interface padrão. Use 'cvlc' para usar o VLC sem interface.
[00000206a7a32b80] mp4 demux warning: elst box found
[00000206a7a32b80] mp4 demux warning: STTS table of 1 entries
[00000206a7a32b80] mp4 demux warning: CTTS table of 20339 entries
[00000206a7a32b80] mp4 demux warning: STTS table of 1 entries
[00000206a88f74e0] faad decoder warning: decoded zero sample
[00000206a7af0120] d3d11va generic warning: not enough decoding slices in the texture (6/24)
[00000206a86ac4c0] avcodec decoder: Using D3D11VA (NVIDIA GeForce RTX 3070, vendor 10de(NVIDIA), device 2488, revision a1) for hardware decoding
[00000206a7c39a20] qt window warning: orphaned video window
[00000206a89ad240] direct3d11 vout display error: SetThumbNailClip failed: 0x800706f4
Sun, 03 Mar 2024 21:41:29 -03 INF ..\..\..\..\..\Users\runneradmin\go\pkg\mod\github.com\portapps\portapps\v3@v3.3.1\portapps.go:211 > Closing VLC
Sun, 03 Mar 2024 21:42:51 -03 INF ..\..\..\..\..\Users\runneradmin\go\pkg\mod\github.com\portapps\portapps\v3@v3.3.1\portapps.go:118 > --------
Sun, 03 Mar 2024 21:42:51 -03 INF ..\..\..\..\..\Users\runneradmin\go\pkg\mod\github.com\portapps\portapps\v3@v3.3.1\portapps.go:119 > Operating System: Windows 10.0.22631
Sun, 03 Mar 2024 21:42:51 -03 INF ..\..\..\..\..\Users\runneradmin\go\pkg\mod\github.com\portapps\portapps\v3@v3.3.1\portapps.go:120 > Starting VLC 3.0.16-11 (portapps 3.3.1)...
Sun, 03 Mar 2024 21:42:51 -03 INF ..\..\..\..\..\Users\runneradmin\go\pkg\mod\github.com\portapps\portapps\v3@v3.3.1\portapps.go:121 > Release date: 2021/08/23 00:12:24
Sun, 03 Mar 2024 21:42:51 -03 INF ..\..\..\..\..\Users\runneradmin\go\pkg\mod\github.com\portapps\portapps\v3@v3.3.1\portapps.go:122 > Publisher: CrazyMax (https://github.com/portapps/vlc-portable)
Sun, 03 Mar 2024 21:42:51 -03 INF ..\..\..\..\..\Users\runneradmin\go\pkg\mod\github.com\portapps\portapps\v3@v3.3.1\portapps.go:123 > Root path: C:\Phantasy\Beta\MagoaTube\modules\tubimVLC\vlc
Sun, 03 Mar 2024 21:42:51 -03 INF ..\..\..\..\..\Users\runneradmin\go\pkg\mod\github.com\portapps\portapps\v3@v3.3.1\portapps.go:127 > Configuration:
common:
  disable_log: false
  args: []
  env: {}
  app_path: ""
app:
  cleanup: false
  verbose: "1"

Sun, 03 Mar 2024 21:42:52 -03 WRN D:/a/vlc-portable/vlc-portable/main.go:86 > Cannot import registry key error="reg file C:\\Phantasy\\Beta\\MagoaTube\\modules\\tubimVLC\\vlc\\reg\\VLC.reg not found"
Sun, 03 Mar 2024 21:42:52 -03 INF ..\..\..\..\..\Users\runneradmin\go\pkg\mod\github.com\portapps\portapps\v3@v3.3.1\portapps.go:167 > Process: C:\Phantasy\Beta\MagoaTube\modules\tubimVLC\vlc\app\vlc.exe
Sun, 03 Mar 2024 21:42:52 -03 INF ..\..\..\..\..\Users\runneradmin\go\pkg\mod\github.com\portapps\portapps\v3@v3.3.1\portapps.go:168 > Args (config file): 
Sun, 03 Mar 2024 21:42:52 -03 INF ..\..\..\..\..\Users\runneradmin\go\pkg\mod\github.com\portapps\portapps\v3@v3.3.1\portapps.go:169 > Args (cmd line): https://rr1---sn-qxn3uv2npbh5oxu-8j2z.googlevideo.com/videoplayback?expire=1709534574&ei=DhnlZciPLbuN-LAPz9ipyAU&ip=2804%3A868%3Ad057%3A4d8b%3A4042%3A5456%3Ae743%3Ae0bd&id=o-AITsc1nDSavnlyvgnmfqsVRnkf9JwrKTfH5s8qaMesHL&itag=22&source=youtube&requiressl=yes&xpc=EgVo2aDSNQ%3D%3D&mh=4H&mm=31%2C29&mn=sn-qxn3uv2npbh5oxu-8j2z%2Csn-bg0eznz7&ms=au%2Crdu&mv=m&mvi=1&pcm2cms=yes&pl=48&initcwndbps=480000&spc=UWF9f3XFPTinSPXrjKo-M2n_E-zBGSKmUJ8zWGmpqoMzgSc&vprv=1&svpuc=1&mime=video%2Fmp4&cnr=14&ratebypass=yes&dur=2284.936&lmt=1709443515620524&mt=1709512632&fvip=4&fexp=24007246&c=ANDROID&txp=5532434&sparams=expire%2Cei%2Cip%2Cid%2Citag%2Csource%2Crequiressl%2Cxpc%2Cspc%2Cvprv%2Csvpuc%2Cmime%2Ccnr%2Cratebypass%2Cdur%2Clmt&sig=AJfQdSswRAIgfCOu8PXd0WPY13DxTbsFdiVXkaGVyZB8QrjwPnH2CFoCIG2v4dt6zPg3xMsyXtHpPJKoSF4IXu3FRsh0KnuTIOOm&lsparams=mh%2Cmm%2Cmn%2Cms%2Cmv%2Cmvi%2Cpcm2cms%2Cpl%2Cinitcwndbps&lsig=APTiJQcwRQIhAIoydtvMtjEMDeY5CfwNfHwZ-e5tRrQNEgzGkRGDOpbkAiBqxGEMDKeL3M_9df0Ncbjlm9yyCzi9NNU2xagP0RFlTg%3D%3D --meta-title Nikolas Ferreira: ‘A direita é uma ameaça ao STF’
Sun, 03 Mar 2024 21:42:52 -03 INF ..\..\..\..\..\Users\runneradmin\go\pkg\mod\github.com\portapps\portapps\v3@v3.3.1\portapps.go:170 > Args (hardcoded): --vlm-conf=C:\Phantasy\Beta\MagoaTube\modules\tubimVLC\vlc\data\vlcrc --config=C:\Phantasy\Beta\MagoaTube\modules\tubimVLC\vlc\data\vlcrc --no-plugins-cache --no-qt-updates-notif
Sun, 03 Mar 2024 21:42:52 -03 INF ..\..\..\..\..\Users\runneradmin\go\pkg\mod\github.com\portapps\portapps\v3@v3.3.1\portapps.go:171 > Working dir: C:\Phantasy\Beta\MagoaTube\modules\tubimVLC\vlc\app
Sun, 03 Mar 2024 21:42:52 -03 INF ..\..\..\..\..\Users\runneradmin\go\pkg\mod\github.com\portapps\portapps\v3@v3.3.1\portapps.go:172 > App path: C:\Phantasy\Beta\MagoaTube\modules\tubimVLC\vlc\app
Sun, 03 Mar 2024 21:42:52 -03 INF ..\..\..\..\..\Users\runneradmin\go\pkg\mod\github.com\portapps\portapps\v3@v3.3.1\portapps.go:173 > Data path: C:\Phantasy\Beta\MagoaTube\modules\tubimVLC\vlc\data
Sun, 03 Mar 2024 21:42:52 -03 INF ..\..\..\..\..\Users\runneradmin\go\pkg\mod\github.com\portapps\portapps\v3@v3.3.1\portapps.go:174 > Previous path: C:\Phantasy\Beta\MagoaTube\modules\tubimVLC\vlc
Sun, 03 Mar 2024 21:42:52 -03 INF ..\..\..\..\..\Users\runneradmin\go\pkg\mod\github.com\portapps\portapps\v3@v3.3.1\portapps.go:180 > Launching VLC
Sun, 03 Mar 2024 21:42:52 -03 INF ..\..\..\..\..\Users\runneradmin\go\pkg\mod\github.com\portapps\portapps\v3@v3.3.1\portapps.go:190 > Exec C:\Phantasy\Beta\MagoaTube\modules\tubimVLC\vlc\app\vlc.exe https://rr1---sn-qxn3uv2npbh5oxu-8j2z.googlevideo.com/videoplayback?expire=1709534574&ei=DhnlZciPLbuN-LAPz9ipyAU&ip=2804%3A868%3Ad057%3A4d8b%3A4042%3A5456%3Ae743%3Ae0bd&id=o-AITsc1nDSavnlyvgnmfqsVRnkf9JwrKTfH5s8qaMesHL&itag=22&source=youtube&requiressl=yes&xpc=EgVo2aDSNQ%3D%3D&mh=4H&mm=31%2C29&mn=sn-qxn3uv2npbh5oxu-8j2z%2Csn-bg0eznz7&ms=au%2Crdu&mv=m&mvi=1&pcm2cms=yes&pl=48&initcwndbps=480000&spc=UWF9f3XFPTinSPXrjKo-M2n_E-zBGSKmUJ8zWGmpqoMzgSc&vprv=1&svpuc=1&mime=video%2Fmp4&cnr=14&ratebypass=yes&dur=2284.936&lmt=1709443515620524&mt=1709512632&fvip=4&fexp=24007246&c=ANDROID&txp=5532434&sparams=expire%2Cei%2Cip%2Cid%2Citag%2Csource%2Crequiressl%2Cxpc%2Cspc%2Cvprv%2Csvpuc%2Cmime%2Ccnr%2Cratebypass%2Cdur%2Clmt&sig=AJfQdSswRAIgfCOu8PXd0WPY13DxTbsFdiVXkaGVyZB8QrjwPnH2CFoCIG2v4dt6zPg3xMsyXtHpPJKoSF4IXu3FRsh0KnuTIOOm&lsparams=mh%2Cmm%2Cmn%2Cms%2Cmv%2Cmvi%2Cpcm2cms%2Cpl%2Cinitcwndbps&lsig=APTiJQcwRQIhAIoydtvMtjEMDeY5CfwNfHwZ-e5tRrQNEgzGkRGDOpbkAiBqxGEMDKeL3M_9df0Ncbjlm9yyCzi9NNU2xagP0RFlTg%3D%3D --meta-title Nikolas Ferreira: ‘A direita é uma ameaça ao STF’ --vlm-conf=C:\Phantasy\Beta\MagoaTube\modules\tubimVLC\vlc\data\vlcrc --config=C:\Phantasy\Beta\MagoaTube\modules\tubimVLC\vlc\data\vlcrc --no-plugins-cache --no-qt-updates-notif
[0000013fe789eaa0] main vlm daemon error: Load error on line 1: ﻿###: Unknown VLM command
[0000013fe5a4a1b0] main libvlc warning: error while loading the configuration file
[0000013fe5a4a1b0] main libvlc: Executando o VLC com a interface padrão. Use 'cvlc' para usar o VLC sem interface.
[0000013fe7ab0ef0] mp4 demux warning: elst box found
[0000013fe7ab0ef0] mp4 demux warning: STTS table of 1 entries
[0000013fe7ab0ef0] mp4 demux warning: CTTS table of 57847 entries
[0000013fe7ab0ef0] mp4 demux warning: STTS table of 1 entries
[0000013fe8aa8980] faad decoder warning: decoded zero sample
[0000013fe7b6aaa0] d3d11va generic warning: not enough decoding slices in the texture (6/24)
[0000013fe88f40d0] avcodec decoder: Using D3D11VA (NVIDIA GeForce RTX 3070, vendor 10de(NVIDIA), device 2488, revision a1) for hardware decoding
[0000013fe7c84d30] qt window warning: orphaned video window
[0000013fe8700700] direct3d11 vout display error: SetThumbNailClip failed: 0x800706f4
Sun, 03 Mar 2024 21:42:55 -03 INF ..\..\..\..\..\Users\runneradmin\go\pkg\mod\github.com\portapps\portapps\v3@v3.3.1\portapps.go:211 > Closing VLC
Sun, 03 Mar 2024 21:50:21 -03 INF ..\..\..\..\..\Users\runneradmin\go\pkg\mod\github.com\portapps\portapps\v3@v3.3.1\portapps.go:118 > --------
Sun, 03 Mar 2024 21:50:21 -03 INF ..\..\..\..\..\Users\runneradmin\go\pkg\mod\github.com\portapps\portapps\v3@v3.3.1\portapps.go:119 > Operating System: Windows 10.0.22631
Sun, 03 Mar 2024 21:50:21 -03 INF ..\..\..\..\..\Users\runneradmin\go\pkg\mod\github.com\portapps\portapps\v3@v3.3.1\portapps.go:120 > Starting VLC 3.0.16-11 (portapps 3.3.1)...
Sun, 03 Mar 2024 21:50:21 -03 INF ..\..\..\..\..\Users\runneradmin\go\pkg\mod\github.com\portapps\portapps\v3@v3.3.1\portapps.go:121 > Release date: 2021/08/23 00:12:24
Sun, 03 Mar 2024 21:50:21 -03 INF ..\..\..\..\..\Users\runneradmin\go\pkg\mod\github.com\portapps\portapps\v3@v3.3.1\portapps.go:122 > Publisher: CrazyMax (https://github.com/portapps/vlc-portable)
Sun, 03 Mar 2024 21:50:21 -03 INF ..\..\..\..\..\Users\runneradmin\go\pkg\mod\github.com\portapps\portapps\v3@v3.3.1\portapps.go:123 > Root path: C:\Phantasy\Beta\MagoaTube\modules\tubimVLC\vlc
Sun, 03 Mar 2024 21:50:21 -03 INF ..\..\..\..\..\Users\runneradmin\go\pkg\mod\github.com\portapps\portapps\v3@v3.3.1\portapps.go:127 > Configuration:
common:
  disable_log: false
  args: []
  env: {}
  app_path: ""
app:
  cleanup: false
  verbose: "1"

Sun, 03 Mar 2024 21:50:21 -03 WRN D:/a/vlc-portable/vlc-portable/main.go:86 > Cannot import registry key error="reg file C:\\Phantasy\\Beta\\MagoaTube\\modules\\tubimVLC\\vlc\\reg\\VLC.reg not found"
Sun, 03 Mar 2024 21:50:21 -03 INF ..\..\..\..\..\Users\runneradmin\go\pkg\mod\github.com\portapps\portapps\v3@v3.3.1\portapps.go:167 > Process: C:\Phantasy\Beta\MagoaTube\modules\tubimVLC\vlc\app\vlc.exe
Sun, 03 Mar 2024 21:50:21 -03 INF ..\..\..\..\..\Users\runneradmin\go\pkg\mod\github.com\portapps\portapps\v3@v3.3.1\portapps.go:168 > Args (config file): 
Sun, 03 Mar 2024 21:50:21 -03 INF ..\..\..\..\..\Users\runneradmin\go\pkg\mod\github.com\portapps\portapps\v3@v3.3.1\portapps.go:169 > Args (cmd line): https://rr1---sn-qxn3uv2npbh5oxu-8j2z.googlevideo.com/videoplayback?expire=1709535024&ei=0BrlZbekC7OD-LAP9MKGoAo&ip=2804%3A868%3Ad057%3A4d8b%3A4042%3A5456%3Ae743%3Ae0bd&id=o-AHD3SgaqXiWTlwFOaZCnTWBX165Em1YpWTt3GL8eGEA4&itag=22&source=youtube&requiressl=yes&xpc=EgVo2aDSNQ%3D%3D&mh=4H&mm=31%2C29&mn=sn-qxn3uv2npbh5oxu-8j2z%2Csn-bg0eznz7&ms=au%2Crdu&mv=m&mvi=1&pcm2cms=yes&pl=48&initcwndbps=508750&spc=UWF9f6GYHp64dYJtLa3weOT6K6q20bLKXFaOwh7DmK9wCo4&vprv=1&svpuc=1&mime=video%2Fmp4&cnr=14&ratebypass=yes&dur=2284.936&lmt=1709443515620524&mt=1709512876&fvip=4&fexp=24007246&c=ANDROID&txp=5532434&sparams=expire%2Cei%2Cip%2Cid%2Citag%2Csource%2Crequiressl%2Cxpc%2Cspc%2Cvprv%2Csvpuc%2Cmime%2Ccnr%2Cratebypass%2Cdur%2Clmt&sig=AJfQdSswRQIhALgYKivmrboWRljwUXJBF7iIvuzmtvkttf7GmC2SiMEsAiAgON_rscnecF2opAjBy1XdiGJ_Zf1clO80HSwCXBg35Q%3D%3D&lsparams=mh%2Cmm%2Cmn%2Cms%2Cmv%2Cmvi%2Cpcm2cms%2Cpl%2Cinitcwndbps&lsig=APTiJQcwRQIhAMGV0blC2_KUFwdqgvYmkKImOV6jL22DeOzX_95kp8D2AiAsvcpiwlYPokCr45LXxFo_sK9R4lvhl_lTeU_FxSh91g%3D%3D --input-slave https://rr1---sn-qxn3uv2npbh5oxu-8j2z.googlevideo.com/videoplayback?expire=1709535024&ei=0BrlZbekC7OD-LAP9MKGoAo&ip=2804%3A868%3Ad057%3A4d8b%3A4042%3A5456%3Ae743%3Ae0bd&id=o-AHD3SgaqXiWTlwFOaZCnTWBX165Em1YpWTt3GL8eGEA4&itag=251&source=youtube&requiressl=yes&xpc=EgVo2aDSNQ%3D%3D&mh=4H&mm=31%2C29&mn=sn-qxn3uv2npbh5oxu-8j2z%2Csn-bg0eznz7&ms=au%2Crdu&mv=m&mvi=1&pcm2cms=yes&pl=48&initcwndbps=508750&spc=UWF9f6GYHp64dYJtLa3weOT6K6q20bLKXFaOwh7DmK9wCo4&vprv=1&svpuc=1&mime=audio%2Fwebm&gir=yes&clen=32333177&dur=2284.901&lmt=1709432981595519&mt=1709512876&fvip=4&keepalive=yes&fexp=24007246&c=ANDROID&txp=5532434&sparams=expire%2Cei%2Cip%2Cid%2Citag%2Csource%2Crequiressl%2Cxpc%2Cspc%2Cvprv%2Csvpuc%2Cmime%2Cgir%2Cclen%2Cdur%2Clmt&sig=AJfQdSswRgIhAKQUU0JYwaeJnouwRcPjW_73yY4_diLLnIUMrkILbLTlAiEAwzz5GHjS8ISs1VWampzMTvMhkbw8xhnXrBcHuDXETYc%3D&lsparams=mh%2Cmm%2Cmn%2Cms%2Cmv%2Cmvi%2Cpcm2cms%2Cpl%2Cinitcwndbps&lsig=APTiJQcwRQIhAMGV0blC2_KUFwdqgvYmkKImOV6jL22DeOzX_95kp8D2AiAsvcpiwlYPokCr45LXxFo_sK9R4lvhl_lTeU_FxSh91g%3D%3D --meta-title Nikolas Ferreira: ‘A direita é uma ameaça ao STF’
Sun, 03 Mar 2024 21:50:21 -03 INF ..\..\..\..\..\Users\runneradmin\go\pkg\mod\github.com\portapps\portapps\v3@v3.3.1\portapps.go:170 > Args (hardcoded): --vlm-conf=C:\Phantasy\Beta\MagoaTube\modules\tubimVLC\vlc\data\vlcrc --config=C:\Phantasy\Beta\MagoaTube\modules\tubimVLC\vlc\data\vlcrc --no-plugins-cache --no-qt-updates-notif
Sun, 03 Mar 2024 21:50:21 -03 INF ..\..\..\..\..\Users\runneradmin\go\pkg\mod\github.com\portapps\portapps\v3@v3.3.1\portapps.go:171 > Working dir: C:\Phantasy\Beta\MagoaTube\modules\tubimVLC\vlc\app
Sun, 03 Mar 2024 21:50:21 -03 INF ..\..\..\..\..\Users\runneradmin\go\pkg\mod\github.com\portapps\portapps\v3@v3.3.1\portapps.go:172 > App path: C:\Phantasy\Beta\MagoaTube\modules\tubimVLC\vlc\app
Sun, 03 Mar 2024 21:50:21 -03 INF ..\..\..\..\..\Users\runneradmin\go\pkg\mod\github.com\portapps\portapps\v3@v3.3.1\portapps.go:173 > Data path: C:\Phantasy\Beta\MagoaTube\modules\tubimVLC\vlc\data
Sun, 03 Mar 2024 21:50:21 -03 INF ..\..\..\..\..\Users\runneradmin\go\pkg\mod\github.com\portapps\portapps\v3@v3.3.1\portapps.go:174 > Previous path: C:\Phantasy\Beta\MagoaTube\modules\tubimVLC\vlc
Sun, 03 Mar 2024 21:50:21 -03 INF ..\..\..\..\..\Users\runneradmin\go\pkg\mod\github.com\portapps\portapps\v3@v3.3.1\portapps.go:180 > Launching VLC
Sun, 03 Mar 2024 21:50:21 -03 INF ..\..\..\..\..\Users\runneradmin\go\pkg\mod\github.com\portapps\portapps\v3@v3.3.1\portapps.go:190 > Exec C:\Phantasy\Beta\MagoaTube\modules\tubimVLC\vlc\app\vlc.exe https://rr1---sn-qxn3uv2npbh5oxu-8j2z.googlevideo.com/videoplayback?expire=1709535024&ei=0BrlZbekC7OD-LAP9MKGoAo&ip=2804%3A868%3Ad057%3A4d8b%3A4042%3A5456%3Ae743%3Ae0bd&id=o-AHD3SgaqXiWTlwFOaZCnTWBX165Em1YpWTt3GL8eGEA4&itag=22&source=youtube&requiressl=yes&xpc=EgVo2aDSNQ%3D%3D&mh=4H&mm=31%2C29&mn=sn-qxn3uv2npbh5oxu-8j2z%2Csn-bg0eznz7&ms=au%2Crdu&mv=m&mvi=1&pcm2cms=yes&pl=48&initcwndbps=508750&spc=UWF9f6GYHp64dYJtLa3weOT6K6q20bLKXFaOwh7DmK9wCo4&vprv=1&svpuc=1&mime=video%2Fmp4&cnr=14&ratebypass=yes&dur=2284.936&lmt=1709443515620524&mt=1709512876&fvip=4&fexp=24007246&c=ANDROID&txp=5532434&sparams=expire%2Cei%2Cip%2Cid%2Citag%2Csource%2Crequiressl%2Cxpc%2Cspc%2Cvprv%2Csvpuc%2Cmime%2Ccnr%2Cratebypass%2Cdur%2Clmt&sig=AJfQdSswRQIhALgYKivmrboWRljwUXJBF7iIvuzmtvkttf7GmC2SiMEsAiAgON_rscnecF2opAjBy1XdiGJ_Zf1clO80HSwCXBg35Q%3D%3D&lsparams=mh%2Cmm%2Cmn%2Cms%2Cmv%2Cmvi%2Cpcm2cms%2Cpl%2Cinitcwndbps&lsig=APTiJQcwRQIhAMGV0blC2_KUFwdqgvYmkKImOV6jL22DeOzX_95kp8D2AiAsvcpiwlYPokCr45LXxFo_sK9R4lvhl_lTeU_FxSh91g%3D%3D --input-slave https://rr1---sn-qxn3uv2npbh5oxu-8j2z.googlevideo.com/videoplayback?expire=1709535024&ei=0BrlZbekC7OD-LAP9MKGoAo&ip=2804%3A868%3Ad057%3A4d8b%3A4042%3A5456%3Ae743%3Ae0bd&id=o-AHD3SgaqXiWTlwFOaZCnTWBX165Em1YpWTt3GL8eGEA4&itag=251&source=youtube&requiressl=yes&xpc=EgVo2aDSNQ%3D%3D&mh=4H&mm=31%2C29&mn=sn-qxn3uv2npbh5oxu-8j2z%2Csn-bg0eznz7&ms=au%2Crdu&mv=m&mvi=1&pcm2cms=yes&pl=48&initcwndbps=508750&spc=UWF9f6GYHp64dYJtLa3weOT6K6q20bLKXFaOwh7DmK9wCo4&vprv=1&svpuc=1&mime=audio%2Fwebm&gir=yes&clen=32333177&dur=2284.901&lmt=1709432981595519&mt=1709512876&fvip=4&keepalive=yes&fexp=24007246&c=ANDROID&txp=5532434&sparams=expire%2Cei%2Cip%2Cid%2Citag%2Csource%2Crequiressl%2Cxpc%2Cspc%2Cvprv%2Csvpuc%2Cmime%2Cgir%2Cclen%2Cdur%2Clmt&sig=AJfQdSswRgIhAKQUU0JYwaeJnouwRcPjW_73yY4_diLLnIUMrkILbLTlAiEAwzz5GHjS8ISs1VWampzMTvMhkbw8xhnXrBcHuDXETYc%3D&lsparams=mh%2Cmm%2Cmn%2Cms%2Cmv%2Cmvi%2Cpcm2cms%2Cpl%2Cinitcwndbps&lsig=APTiJQcwRQIhAMGV0blC2_KUFwdqgvYmkKImOV6jL22DeOzX_95kp8D2AiAsvcpiwlYPokCr45LXxFo_sK9R4lvhl_lTeU_FxSh91g%3D%3D --meta-title Nikolas Ferreira: ‘A direita é uma ameaça ao STF’ --vlm-conf=C:\Phantasy\Beta\MagoaTube\modules\tubimVLC\vlc\data\vlcrc --config=C:\Phantasy\Beta\MagoaTube\modules\tubimVLC\vlc\data\vlcrc --no-plugins-cache --no-qt-updates-notif
[0000019409dced90] main vlm daemon error: Load error on line 1: ﻿###: Unknown VLM command
[0000019407feae50] main libvlc warning: error while loading the configuration file
[0000019407feae50] main libvlc: Executando o VLC com a interface padrão. Use 'cvlc' para usar o VLC sem interface.
[0000019409f26b50] mp4 demux warning: elst box found
[0000019409f26b50] mp4 demux warning: STTS table of 1 entries
[0000019409f26b50] mp4 demux warning: CTTS table of 57847 entries
[0000019409f26b50] mp4 demux warning: STTS table of 1 entries
[000001940a16a5a0] main input warning: Can't deduce slave type of `https://rr1---sn-qxn3uv2npbh5oxu-8j2z.googlevideo.com/videoplayback?expire=1709535024&ei=0BrlZbekC7OD-LAP9MKGoAo&ip=2804%3A868%3Ad057%3A4d8b%3A4042%3A5456%3Ae743%3Ae0bd&id=o-AHD3SgaqXiWTlwFOaZCnTWBX165Em1YpWTt3GL8eGEA4&itag=251&source=youtube&requiressl=yes&xpc=EgVo2aDSNQ%3D%3D&mh=4H&mm=31%2C29&mn=sn-qxn3uv2npbh5oxu-8j2z%2Csn-bg0eznz7&ms=au%2Crdu&mv=m&mvi=1&pcm2cms=yes&pl=48&initcwndbps=508750&spc=UWF9f6GYHp64dYJtLa3weOT6K6q20bLKXFaOwh7DmK9wCo4&vprv=1&svpuc=1&mime=audio%2Fwebm&gir=yes&clen=32333177&dur=2284.901&lmt=1709432981595519&mt=1709512876&fvip=4&keepalive=yes&fexp=24007246&c=ANDROID&txp=5532434&sparams=expire%2Cei%2Cip%2Cid%2Citag%2Csource%2Crequiressl%2Cxpc%2Cspc%2Cvprv%2Csvpuc%2Cmime%2Cgir%2Cclen%2Cdur%2Clmt&sig=AJfQdSswRgIhAKQUU0JYwaeJnouwRcPjW_73yY4_diLLnIUMrkILbLTlAiEAwzz5GHjS8ISs1VWampzMTvMhkbw8xhnXrBcHuDXETYc%3D&lsparams=mh%2Cmm%2Cmn%2Cms%2Cmv%2Cmvi%2Cpcm2cms%2Cpl%2Cinitcwndbps&lsig=APTiJQcwRQIhAMGV0blC2_KUFwdqgvYmkKImOV6jL22DeOzX_95kp8D2AiAsvcpiwlYPokCr45LXxFo_sK9R4lvhl_lTeU_FxSh91g%3D%3D" with file extension.
[000001940a0182b0] d3d11va generic warning: not enough decoding slices in the texture (6/24)
[000001940abf2090] avcodec decoder: Using D3D11VA (NVIDIA GeForce RTX 3070, vendor 10de(NVIDIA), device 2488, revision a1) for hardware decoding
[000001940a038a90] qt window warning: orphaned video window
[000001940a017e00] main tls client error: connection error: Interrupted function call
[000001940a017e00] main tls client error: connection error: Interrupted function call
[000001940aa1cdf0] direct3d11 vout display error: SetThumbNailClip failed: 0x800706f4
Sun, 03 Mar 2024 21:50:59 -03 INF ..\..\..\..\..\Users\runneradmin\go\pkg\mod\github.com\portapps\portapps\v3@v3.3.1\portapps.go:211 > Closing VLC
Sun, 03 Mar 2024 21:51:05 -03 INF ..\..\..\..\..\Users\runneradmin\go\pkg\mod\github.com\portapps\portapps\v3@v3.3.1\portapps.go:118 > --------
Sun, 03 Mar 2024 21:51:05 -03 INF ..\..\..\..\..\Users\runneradmin\go\pkg\mod\github.com\portapps\portapps\v3@v3.3.1\portapps.go:119 > Operating System: Windows 10.0.22631
Sun, 03 Mar 2024 21:51:05 -03 INF ..\..\..\..\..\Users\runneradmin\go\pkg\mod\github.com\portapps\portapps\v3@v3.3.1\portapps.go:120 > Starting VLC 3.0.16-11 (portapps 3.3.1)...
Sun, 03 Mar 2024 21:51:05 -03 INF ..\..\..\..\..\Users\runneradmin\go\pkg\mod\github.com\portapps\portapps\v3@v3.3.1\portapps.go:121 > Release date: 2021/08/23 00:12:24
Sun, 03 Mar 2024 21:51:05 -03 INF ..\..\..\..\..\Users\runneradmin\go\pkg\mod\github.com\portapps\portapps\v3@v3.3.1\portapps.go:122 > Publisher: CrazyMax (https://github.com/portapps/vlc-portable)
Sun, 03 Mar 2024 21:51:05 -03 INF ..\..\..\..\..\Users\runneradmin\go\pkg\mod\github.com\portapps\portapps\v3@v3.3.1\portapps.go:123 > Root path: C:\Phantasy\Beta\MagoaTube\modules\tubimVLC\vlc
Sun, 03 Mar 2024 21:51:05 -03 INF ..\..\..\..\..\Users\runneradmin\go\pkg\mod\github.com\portapps\portapps\v3@v3.3.1\portapps.go:127 > Configuration:
common:
  disable_log: false
  args: []
  env: {}
  app_path: ""
app:
  cleanup: false
  verbose: "1"

Sun, 03 Mar 2024 21:51:05 -03 WRN D:/a/vlc-portable/vlc-portable/main.go:86 > Cannot import registry key error="reg file C:\\Phantasy\\Beta\\MagoaTube\\modules\\tubimVLC\\vlc\\reg\\VLC.reg not found"
Sun, 03 Mar 2024 21:51:05 -03 INF ..\..\..\..\..\Users\runneradmin\go\pkg\mod\github.com\portapps\portapps\v3@v3.3.1\portapps.go:167 > Process: C:\Phantasy\Beta\MagoaTube\modules\tubimVLC\vlc\app\vlc.exe
Sun, 03 Mar 2024 21:51:05 -03 INF ..\..\..\..\..\Users\runneradmin\go\pkg\mod\github.com\portapps\portapps\v3@v3.3.1\portapps.go:168 > Args (config file): 
Sun, 03 Mar 2024 21:51:05 -03 INF ..\..\..\..\..\Users\runneradmin\go\pkg\mod\github.com\portapps\portapps\v3@v3.3.1\portapps.go:169 > Args (cmd line): https://rr1---sn-qxn3uv2npbh5oxu-8j2z.googlevideo.com/videoplayback?expire=1709535068&ei=_BrlZZzrIfeZ-LAPjc-b6AU&ip=2804%3A868%3Ad057%3A4d8b%3A4042%3A5456%3Ae743%3Ae0bd&id=o-ACkN9CBW4orTzv0DobsKcvzwowwgUquwYbCGh8Pd2GUq&itag=22&source=youtube&requiressl=yes&xpc=EgVo2aDSNQ%3D%3D&mh=4H&mm=31%2C29&mn=sn-qxn3uv2npbh5oxu-8j2z%2Csn-bg0s7nls&ms=au%2Crdu&mv=m&mvi=1&pl=48&initcwndbps=508750&spc=UWF9fwQyGNMlCln35Ne85gDBv58xBcZbZk4MmVY8wMIM948&vprv=1&svpuc=1&mime=video%2Fmp4&cnr=14&ratebypass=yes&dur=2284.936&lmt=1709443515620524&mt=1709512876&fvip=4&fexp=24007246&c=ANDROID&txp=5532434&sparams=expire%2Cei%2Cip%2Cid%2Citag%2Csource%2Crequiressl%2Cxpc%2Cspc%2Cvprv%2Csvpuc%2Cmime%2Ccnr%2Cratebypass%2Cdur%2Clmt&sig=AJfQdSswRQIgJfWIxb-g1ICV3LKu4-wJ8skOQzdu6ups813TvfZJwssCIQCYXAGFZoijdhDhlZ9VV2YxDpJbNeRUDj4hp1MA0ZdUQw%3D%3D&lsparams=mh%2Cmm%2Cmn%2Cms%2Cmv%2Cmvi%2Cpl%2Cinitcwndbps&lsig=APTiJQcwRgIhAM2gIvDCqtChUAQigtdgi1mSP4vE17GTd7ZhSwSwHUVsAiEA-xSk-Nj-LJBDBc_rE1tnYXL9J3KfvLrkLCTf_pkyx4Y%3D --meta-title Nikolas Ferreira: ‘A direita é uma ameaça ao STF’
Sun, 03 Mar 2024 21:51:05 -03 INF ..\..\..\..\..\Users\runneradmin\go\pkg\mod\github.com\portapps\portapps\v3@v3.3.1\portapps.go:170 > Args (hardcoded): --vlm-conf=C:\Phantasy\Beta\MagoaTube\modules\tubimVLC\vlc\data\vlcrc --config=C:\Phantasy\Beta\MagoaTube\modules\tubimVLC\vlc\data\vlcrc --no-plugins-cache --no-qt-updates-notif
Sun, 03 Mar 2024 21:51:05 -03 INF ..\..\..\..\..\Users\runneradmin\go\pkg\mod\github.com\portapps\portapps\v3@v3.3.1\portapps.go:171 > Working dir: C:\Phantasy\Beta\MagoaTube\modules\tubimVLC\vlc\app
Sun, 03 Mar 2024 21:51:05 -03 INF ..\..\..\..\..\Users\runneradmin\go\pkg\mod\github.com\portapps\portapps\v3@v3.3.1\portapps.go:172 > App path: C:\Phantasy\Beta\MagoaTube\modules\tubimVLC\vlc\app
Sun, 03 Mar 2024 21:51:05 -03 INF ..\..\..\..\..\Users\runneradmin\go\pkg\mod\github.com\portapps\portapps\v3@v3.3.1\portapps.go:173 > Data path: C:\Phantasy\Beta\MagoaTube\modules\tubimVLC\vlc\data
Sun, 03 Mar 2024 21:51:05 -03 INF ..\..\..\..\..\Users\runneradmin\go\pkg\mod\github.com\portapps\portapps\v3@v3.3.1\portapps.go:174 > Previous path: C:\Phantasy\Beta\MagoaTube\modules\tubimVLC\vlc
Sun, 03 Mar 2024 21:51:05 -03 INF ..\..\..\..\..\Users\runneradmin\go\pkg\mod\github.com\portapps\portapps\v3@v3.3.1\portapps.go:180 > Launching VLC
Sun, 03 Mar 2024 21:51:05 -03 INF ..\..\..\..\..\Users\runneradmin\go\pkg\mod\github.com\portapps\portapps\v3@v3.3.1\portapps.go:190 > Exec C:\Phantasy\Beta\MagoaTube\modules\tubimVLC\vlc\app\vlc.exe https://rr1---sn-qxn3uv2npbh5oxu-8j2z.googlevideo.com/videoplayback?expire=1709535068&ei=_BrlZZzrIfeZ-LAPjc-b6AU&ip=2804%3A868%3Ad057%3A4d8b%3A4042%3A5456%3Ae743%3Ae0bd&id=o-ACkN9CBW4orTzv0DobsKcvzwowwgUquwYbCGh8Pd2GUq&itag=22&source=youtube&requiressl=yes&xpc=EgVo2aDSNQ%3D%3D&mh=4H&mm=31%2C29&mn=sn-qxn3uv2npbh5oxu-8j2z%2Csn-bg0s7nls&ms=au%2Crdu&mv=m&mvi=1&pl=48&initcwndbps=508750&spc=UWF9fwQyGNMlCln35Ne85gDBv58xBcZbZk4MmVY8wMIM948&vprv=1&svpuc=1&mime=video%2Fmp4&cnr=14&ratebypass=yes&dur=2284.936&lmt=1709443515620524&mt=1709512876&fvip=4&fexp=24007246&c=ANDROID&txp=5532434&sparams=expire%2Cei%2Cip%2Cid%2Citag%2Csource%2Crequiressl%2Cxpc%2Cspc%2Cvprv%2Csvpuc%2Cmime%2Ccnr%2Cratebypass%2Cdur%2Clmt&sig=AJfQdSswRQIgJfWIxb-g1ICV3LKu4-wJ8skOQzdu6ups813TvfZJwssCIQCYXAGFZoijdhDhlZ9VV2YxDpJbNeRUDj4hp1MA0ZdUQw%3D%3D&lsparams=mh%2Cmm%2Cmn%2Cms%2Cmv%2Cmvi%2Cpl%2Cinitcwndbps&lsig=APTiJQcwRgIhAM2gIvDCqtChUAQigtdgi1mSP4vE17GTd7ZhSwSwHUVsAiEA-xSk-Nj-LJBDBc_rE1tnYXL9J3KfvLrkLCTf_pkyx4Y%3D --meta-title Nikolas Ferreira: ‘A direita é uma ameaça ao STF’ --vlm-conf=C:\Phantasy\Beta\MagoaTube\modules\tubimVLC\vlc\data\vlcrc --config=C:\Phantasy\Beta\MagoaTube\modules\tubimVLC\vlc\data\vlcrc --no-plugins-cache --no-qt-updates-notif
[000002529e07eb10] main vlm daemon error: Load error on line 1: ﻿###: Unknown VLM command
[000002529c29a1a0] main libvlc warning: error while loading the configuration file
[000002529c29a1a0] main libvlc: Executando o VLC com a interface padrão. Use 'cvlc' para usar o VLC sem interface.
[000002529e44cb80] mp4 demux warning: elst box found
[000002529e44cb80] mp4 demux warning: STTS table of 1 entries
[000002529e44cb80] mp4 demux warning: CTTS table of 57847 entries
[000002529e44cb80] mp4 demux warning: STTS table of 1 entries
[000002529f5121e0] faad decoder warning: decoded zero sample
[000002529e4967a0] d3d11va generic warning: not enough decoding slices in the texture (6/24)
[000002529f061260] avcodec decoder: Using D3D11VA (NVIDIA GeForce RTX 3070, vendor 10de(NVIDIA), device 2488, revision a1) for hardware decoding
[000002529f5a9b00] qt window warning: orphaned video window
[000002529f32dcd0] direct3d11 vout display error: SetThumbNailClip failed: 0x800706f4
Sun, 03 Mar 2024 21:51:13 -03 INF ..\..\..\..\..\Users\runneradmin\go\pkg\mod\github.com\portapps\portapps\v3@v3.3.1\portapps.go:211 > Closing VLC
Sun, 03 Mar 2024 22:00:31 -03 INF ..\..\..\..\..\Users\runneradmin\go\pkg\mod\github.com\portapps\portapps\v3@v3.3.1\portapps.go:118 > --------
Sun, 03 Mar 2024 22:00:31 -03 INF ..\..\..\..\..\Users\runneradmin\go\pkg\mod\github.com\portapps\portapps\v3@v3.3.1\portapps.go:119 > Operating System: Windows 10.0.22631
Sun, 03 Mar 2024 22:00:31 -03 INF ..\..\..\..\..\Users\runneradmin\go\pkg\mod\github.com\portapps\portapps\v3@v3.3.1\portapps.go:120 > Starting VLC 3.0.16-11 (portapps 3.3.1)...
Sun, 03 Mar 2024 22:00:31 -03 INF ..\..\..\..\..\Users\runneradmin\go\pkg\mod\github.com\portapps\portapps\v3@v3.3.1\portapps.go:121 > Release date: 2021/08/23 00:12:24
Sun, 03 Mar 2024 22:00:31 -03 INF ..\..\..\..\..\Users\runneradmin\go\pkg\mod\github.com\portapps\portapps\v3@v3.3.1\portapps.go:122 > Publisher: CrazyMax (https://github.com/portapps/vlc-portable)
Sun, 03 Mar 2024 22:00:31 -03 INF ..\..\..\..\..\Users\runneradmin\go\pkg\mod\github.com\portapps\portapps\v3@v3.3.1\portapps.go:123 > Root path: C:\Phantasy\Beta\MagoaTube\modules\tubimVLC\vlc
Sun, 03 Mar 2024 22:00:31 -03 INF ..\..\..\..\..\Users\runneradmin\go\pkg\mod\github.com\portapps\portapps\v3@v3.3.1\portapps.go:127 > Configuration:
common:
  disable_log: false
  args: []
  env: {}
  app_path: ""
app:
  cleanup: false
  verbose: "1"

Sun, 03 Mar 2024 22:00:31 -03 WRN D:/a/vlc-portable/vlc-portable/main.go:86 > Cannot import registry key error="reg file C:\\Phantasy\\Beta\\MagoaTube\\modules\\tubimVLC\\vlc\\reg\\VLC.reg not found"
Sun, 03 Mar 2024 22:00:31 -03 INF ..\..\..\..\..\Users\runneradmin\go\pkg\mod\github.com\portapps\portapps\v3@v3.3.1\portapps.go:167 > Process: C:\Phantasy\Beta\MagoaTube\modules\tubimVLC\vlc\app\vlc.exe
Sun, 03 Mar 2024 22:00:31 -03 INF ..\..\..\..\..\Users\runneradmin\go\pkg\mod\github.com\portapps\portapps\v3@v3.3.1\portapps.go:168 > Args (config file): 
Sun, 03 Mar 2024 22:00:31 -03 INF ..\..\..\..\..\Users\runneradmin\go\pkg\mod\github.com\portapps\portapps\v3@v3.3.1\portapps.go:169 > Args (cmd line): https://rr1---sn-qxn3uv2npbh5oxu-8j2z.googlevideo.com/videoplayback?expire=1709535634&ei=Mh3lZYbYFpLe-LAPpeetyAI&ip=2804%3A868%3Ad057%3A4d8b%3A4042%3A5456%3Ae743%3Ae0bd&id=o-AA1ZTfVdGITGALuzEiRbwchVaxNp0zwZ6S2sLtSzHtsp&itag=22&source=youtube&requiressl=yes&xpc=EgVo2aDSNQ%3D%3D&mh=4H&mm=31%2C29&mn=sn-qxn3uv2npbh5oxu-8j2z%2Csn-bg0eznz7&ms=au%2Crdu&mv=m&mvi=1&pl=48&initcwndbps=508750&spc=UWF9f2iUQzJw5qgA7JF1BZprE2xDOSkcuPKU4bfgWO6en9g&vprv=1&svpuc=1&mime=video%2Fmp4&cnr=14&ratebypass=yes&dur=2284.936&lmt=1709443515620524&mt=1709512876&fvip=4&fexp=24007246&c=ANDROID&txp=5532434&sparams=expire%2Cei%2Cip%2Cid%2Citag%2Csource%2Crequiressl%2Cxpc%2Cspc%2Cvprv%2Csvpuc%2Cmime%2Ccnr%2Cratebypass%2Cdur%2Clmt&sig=AJfQdSswRAIgB1Ne6Eg-HlQtkoHrZnssM_744cSoX7gK2oZuaOZcgtgCIAOAgxtMdde9Jc2TXybsRsl_qSja1oMStSbV4ByePuQs&lsparams=mh%2Cmm%2Cmn%2Cms%2Cmv%2Cmvi%2Cpl%2Cinitcwndbps&lsig=APTiJQcwRQIhAPOZ06XDVU0Js3m5xMRf5GDp8qRRDXNIOyMBkUYyPOgiAiAnxn44GHwZAsHsSfdQs9JRDWu5wA7Asd_044TFv6IGYQ%3D%3D --meta-title Nikolas Ferreira: ‘A direita é uma ameaça ao STF’
Sun, 03 Mar 2024 22:00:31 -03 INF ..\..\..\..\..\Users\runneradmin\go\pkg\mod\github.com\portapps\portapps\v3@v3.3.1\portapps.go:170 > Args (hardcoded): --vlm-conf=C:\Phantasy\Beta\MagoaTube\modules\tubimVLC\vlc\data\vlcrc --config=C:\Phantasy\Beta\MagoaTube\modules\tubimVLC\vlc\data\vlcrc --no-plugins-cache --no-qt-updates-notif
Sun, 03 Mar 2024 22:00:31 -03 INF ..\..\..\..\..\Users\runneradmin\go\pkg\mod\github.com\portapps\portapps\v3@v3.3.1\portapps.go:171 > Working dir: C:\Phantasy\Beta\MagoaTube\modules\tubimVLC\vlc\app
Sun, 03 Mar 2024 22:00:31 -03 INF ..\..\..\..\..\Users\runneradmin\go\pkg\mod\github.com\portapps\portapps\v3@v3.3.1\portapps.go:172 > App path: C:\Phantasy\Beta\MagoaTube\modules\tubimVLC\vlc\app
Sun, 03 Mar 2024 22:00:31 -03 INF ..\..\..\..\..\Users\runneradmin\go\pkg\mod\github.com\portapps\portapps\v3@v3.3.1\portapps.go:173 > Data path: C:\Phantasy\Beta\MagoaTube\modules\tubimVLC\vlc\data
Sun, 03 Mar 2024 22:00:31 -03 INF ..\..\..\..\..\Users\runneradmin\go\pkg\mod\github.com\portapps\portapps\v3@v3.3.1\portapps.go:174 > Previous path: C:\Phantasy\Beta\MagoaTube\modules\tubimVLC\vlc
Sun, 03 Mar 2024 22:00:31 -03 INF ..\..\..\..\..\Users\runneradmin\go\pkg\mod\github.com\portapps\portapps\v3@v3.3.1\portapps.go:180 > Launching VLC
Sun, 03 Mar 2024 22:00:31 -03 INF ..\..\..\..\..\Users\runneradmin\go\pkg\mod\github.com\portapps\portapps\v3@v3.3.1\portapps.go:190 > Exec C:\Phantasy\Beta\MagoaTube\modules\tubimVLC\vlc\app\vlc.exe https://rr1---sn-qxn3uv2npbh5oxu-8j2z.googlevideo.com/videoplayback?expire=1709535634&ei=Mh3lZYbYFpLe-LAPpeetyAI&ip=2804%3A868%3Ad057%3A4d8b%3A4042%3A5456%3Ae743%3Ae0bd&id=o-AA1ZTfVdGITGALuzEiRbwchVaxNp0zwZ6S2sLtSzHtsp&itag=22&source=youtube&requiressl=yes&xpc=EgVo2aDSNQ%3D%3D&mh=4H&mm=31%2C29&mn=sn-qxn3uv2npbh5oxu-8j2z%2Csn-bg0eznz7&ms=au%2Crdu&mv=m&mvi=1&pl=48&initcwndbps=508750&spc=UWF9f2iUQzJw5qgA7JF1BZprE2xDOSkcuPKU4bfgWO6en9g&vprv=1&svpuc=1&mime=video%2Fmp4&cnr=14&ratebypass=yes&dur=2284.936&lmt=1709443515620524&mt=1709512876&fvip=4&fexp=24007246&c=ANDROID&txp=5532434&sparams=expire%2Cei%2Cip%2Cid%2Citag%2Csource%2Crequiressl%2Cxpc%2Cspc%2Cvprv%2Csvpuc%2Cmime%2Ccnr%2Cratebypass%2Cdur%2Clmt&sig=AJfQdSswRAIgB1Ne6Eg-HlQtkoHrZnssM_744cSoX7gK2oZuaOZcgtgCIAOAgxtMdde9Jc2TXybsRsl_qSja1oMStSbV4ByePuQs&lsparams=mh%2Cmm%2Cmn%2Cms%2Cmv%2Cmvi%2Cpl%2Cinitcwndbps&lsig=APTiJQcwRQIhAPOZ06XDVU0Js3m5xMRf5GDp8qRRDXNIOyMBkUYyPOgiAiAnxn44GHwZAsHsSfdQs9JRDWu5wA7Asd_044TFv6IGYQ%3D%3D --meta-title Nikolas Ferreira: ‘A direita é uma ameaça ao STF’ --vlm-conf=C:\Phantasy\Beta\MagoaTube\modules\tubimVLC\vlc\data\vlcrc --config=C:\Phantasy\Beta\MagoaTube\modules\tubimVLC\vlc\data\vlcrc --no-plugins-cache --no-qt-updates-notif
[0000019e801feb10] main vlm daemon error: Load error on line 1: ﻿###: Unknown VLM command
[0000019efe07a190] main libvlc warning: error while loading the configuration file
[0000019efe07a190] main libvlc: Executando o VLC com a interface padrão. Use 'cvlc' para usar o VLC sem interface.
[0000019e8058d340] mp4 demux warning: elst box found
[0000019e8058d340] mp4 demux warning: STTS table of 1 entries
[0000019e8058d340] mp4 demux warning: CTTS table of 57847 entries
[0000019e8058d340] mp4 demux warning: STTS table of 1 entries
[0000019e813d69b0] faad decoder warning: decoded zero sample
[0000019e80655f90] d3d11va generic warning: not enough decoding slices in the texture (6/24)
[0000019e813d7410] avcodec decoder: Using D3D11VA (NVIDIA GeForce RTX 3070, vendor 10de(NVIDIA), device 2488, revision a1) for hardware decoding
[0000019e80578c70] qt window warning: orphaned video window
[0000019e8162ed60] direct3d11 vout display error: SetThumbNailClip failed: 0x800706f4
Sun, 03 Mar 2024 22:00:35 -03 INF ..\..\..\..\..\Users\runneradmin\go\pkg\mod\github.com\portapps\portapps\v3@v3.3.1\portapps.go:211 > Closing VLC
Sun, 03 Mar 2024 22:02:09 -03 INF ..\..\..\..\..\Users\runneradmin\go\pkg\mod\github.com\portapps\portapps\v3@v3.3.1\portapps.go:118 > --------
Sun, 03 Mar 2024 22:02:09 -03 INF ..\..\..\..\..\Users\runneradmin\go\pkg\mod\github.com\portapps\portapps\v3@v3.3.1\portapps.go:119 > Operating System: Windows 10.0.22631
Sun, 03 Mar 2024 22:02:09 -03 INF ..\..\..\..\..\Users\runneradmin\go\pkg\mod\github.com\portapps\portapps\v3@v3.3.1\portapps.go:120 > Starting VLC 3.0.16-11 (portapps 3.3.1)...
Sun, 03 Mar 2024 22:02:09 -03 INF ..\..\..\..\..\Users\runneradmin\go\pkg\mod\github.com\portapps\portapps\v3@v3.3.1\portapps.go:121 > Release date: 2021/08/23 00:12:24
Sun, 03 Mar 2024 22:02:09 -03 INF ..\..\..\..\..\Users\runneradmin\go\pkg\mod\github.com\portapps\portapps\v3@v3.3.1\portapps.go:122 > Publisher: CrazyMax (https://github.com/portapps/vlc-portable)
Sun, 03 Mar 2024 22:02:09 -03 INF ..\..\..\..\..\Users\runneradmin\go\pkg\mod\github.com\portapps\portapps\v3@v3.3.1\portapps.go:123 > Root path: C:\Phantasy\Beta\MagoaTube\modules\tubimVLC\vlc
Sun, 03 Mar 2024 22:02:09 -03 INF ..\..\..\..\..\Users\runneradmin\go\pkg\mod\github.com\portapps\portapps\v3@v3.3.1\portapps.go:127 > Configuration:
common:
  disable_log: false
  args: []
  env: {}
  app_path: ""
app:
  cleanup: false
  verbose: "1"

Sun, 03 Mar 2024 22:02:09 -03 WRN D:/a/vlc-portable/vlc-portable/main.go:86 > Cannot import registry key error="reg file C:\\Phantasy\\Beta\\MagoaTube\\modules\\tubimVLC\\vlc\\reg\\VLC.reg not found"
Sun, 03 Mar 2024 22:02:09 -03 INF ..\..\..\..\..\Users\runneradmin\go\pkg\mod\github.com\portapps\portapps\v3@v3.3.1\portapps.go:167 > Process: C:\Phantasy\Beta\MagoaTube\modules\tubimVLC\vlc\app\vlc.exe
Sun, 03 Mar 2024 22:02:09 -03 INF ..\..\..\..\..\Users\runneradmin\go\pkg\mod\github.com\portapps\portapps\v3@v3.3.1\portapps.go:168 > Args (config file): 
Sun, 03 Mar 2024 22:02:09 -03 INF ..\..\..\..\..\Users\runneradmin\go\pkg\mod\github.com\portapps\portapps\v3@v3.3.1\portapps.go:169 > Args (cmd line): https://rr1---sn-qxn3uv2npbh5oxu-8j2z.googlevideo.com/videoplayback?expire=1709535732&ei=lB3lZY_AHNva-LAPxfOLoA8&ip=2804%3A868%3Ad057%3A4d8b%3A4042%3A5456%3Ae743%3Ae0bd&id=o-AAVhU9HfX7v_CpSNeBt27mBZBJn1b0RCbwAkx1mAlnbA&itag=22&source=youtube&requiressl=yes&xpc=EgVo2aDSNQ%3D%3D&mh=4H&mm=31%2C29&mn=sn-qxn3uv2npbh5oxu-8j2z%2Csn-bg0s7nls&ms=au%2Crdu&mv=m&mvi=1&pl=48&initcwndbps=531250&spc=UWF9f16bqXpRPNfnIgz1worCAmdUwZKz08TrRaNwG_t1FGM&vprv=1&svpuc=1&mime=video%2Fmp4&cnr=14&ratebypass=yes&dur=2284.936&lmt=1709443515620524&mt=1709513830&fvip=4&fexp=24007246&c=ANDROID&txp=5532434&sparams=expire%2Cei%2Cip%2Cid%2Citag%2Csource%2Crequiressl%2Cxpc%2Cspc%2Cvprv%2Csvpuc%2Cmime%2Ccnr%2Cratebypass%2Cdur%2Clmt&sig=AJfQdSswRQIhAPSAlQNRt0AgF0IY6nlvwG7wOZL4IBmTCm1w2Oc_5PB-AiA_onvdwwvmcWI723inecufaKjbetYP_mJHdviPNEyYoQ%3D%3D&lsparams=mh%2Cmm%2Cmn%2Cms%2Cmv%2Cmvi%2Cpl%2Cinitcwndbps&lsig=APTiJQcwRQIgf4reDx0C-sfAH8D7utP53MJOOqtug9NiQJmB-7bpds8CIQC967K0eamjutz2mQlq5d6spOjl9cpWDO0dJiZMtCIpqg%3D%3D --meta-title Nikolas Ferreira: ‘A direita é uma ameaça ao STF’
Sun, 03 Mar 2024 22:02:09 -03 INF ..\..\..\..\..\Users\runneradmin\go\pkg\mod\github.com\portapps\portapps\v3@v3.3.1\portapps.go:170 > Args (hardcoded): --vlm-conf=C:\Phantasy\Beta\MagoaTube\modules\tubimVLC\vlc\data\vlcrc --config=C:\Phantasy\Beta\MagoaTube\modules\tubimVLC\vlc\data\vlcrc --no-plugins-cache --no-qt-updates-notif
Sun, 03 Mar 2024 22:02:09 -03 INF ..\..\..\..\..\Users\runneradmin\go\pkg\mod\github.com\portapps\portapps\v3@v3.3.1\portapps.go:171 > Working dir: C:\Phantasy\Beta\MagoaTube\modules\tubimVLC\vlc\app
Sun, 03 Mar 2024 22:02:09 -03 INF ..\..\..\..\..\Users\runneradmin\go\pkg\mod\github.com\portapps\portapps\v3@v3.3.1\portapps.go:172 > App path: C:\Phantasy\Beta\MagoaTube\modules\tubimVLC\vlc\app
Sun, 03 Mar 2024 22:02:09 -03 INF ..\..\..\..\..\Users\runneradmin\go\pkg\mod\github.com\portapps\portapps\v3@v3.3.1\portapps.go:173 > Data path: C:\Phantasy\Beta\MagoaTube\modules\tubimVLC\vlc\data
Sun, 03 Mar 2024 22:02:09 -03 INF ..\..\..\..\..\Users\runneradmin\go\pkg\mod\github.com\portapps\portapps\v3@v3.3.1\portapps.go:174 > Previous path: C:\Phantasy\Beta\MagoaTube\modules\tubimVLC\vlc
Sun, 03 Mar 2024 22:02:09 -03 INF ..\..\..\..\..\Users\runneradmin\go\pkg\mod\github.com\portapps\portapps\v3@v3.3.1\portapps.go:180 > Launching VLC
Sun, 03 Mar 2024 22:02:09 -03 INF ..\..\..\..\..\Users\runneradmin\go\pkg\mod\github.com\portapps\portapps\v3@v3.3.1\portapps.go:190 > Exec C:\Phantasy\Beta\MagoaTube\modules\tubimVLC\vlc\app\vlc.exe https://rr1---sn-qxn3uv2npbh5oxu-8j2z.googlevideo.com/videoplayback?expire=1709535732&ei=lB3lZY_AHNva-LAPxfOLoA8&ip=2804%3A868%3Ad057%3A4d8b%3A4042%3A5456%3Ae743%3Ae0bd&id=o-AAVhU9HfX7v_CpSNeBt27mBZBJn1b0RCbwAkx1mAlnbA&itag=22&source=youtube&requiressl=yes&xpc=EgVo2aDSNQ%3D%3D&mh=4H&mm=31%2C29&mn=sn-qxn3uv2npbh5oxu-8j2z%2Csn-bg0s7nls&ms=au%2Crdu&mv=m&mvi=1&pl=48&initcwndbps=531250&spc=UWF9f16bqXpRPNfnIgz1worCAmdUwZKz08TrRaNwG_t1FGM&vprv=1&svpuc=1&mime=video%2Fmp4&cnr=14&ratebypass=yes&dur=2284.936&lmt=1709443515620524&mt=1709513830&fvip=4&fexp=24007246&c=ANDROID&txp=5532434&sparams=expire%2Cei%2Cip%2Cid%2Citag%2Csource%2Crequiressl%2Cxpc%2Cspc%2Cvprv%2Csvpuc%2Cmime%2Ccnr%2Cratebypass%2Cdur%2Clmt&sig=AJfQdSswRQIhAPSAlQNRt0AgF0IY6nlvwG7wOZL4IBmTCm1w2Oc_5PB-AiA_onvdwwvmcWI723inecufaKjbetYP_mJHdviPNEyYoQ%3D%3D&lsparams=mh%2Cmm%2Cmn%2Cms%2Cmv%2Cmvi%2Cpl%2Cinitcwndbps&lsig=APTiJQcwRQIgf4reDx0C-sfAH8D7utP53MJOOqtug9NiQJmB-7bpds8CIQC967K0eamjutz2mQlq5d6spOjl9cpWDO0dJiZMtCIpqg%3D%3D --meta-title Nikolas Ferreira: ‘A direita é uma ameaça ao STF’ --vlm-conf=C:\Phantasy\Beta\MagoaTube\modules\tubimVLC\vlc\data\vlcrc --config=C:\Phantasy\Beta\MagoaTube\modules\tubimVLC\vlc\data\vlcrc --no-plugins-cache --no-qt-updates-notif
[0000021756e5eb10] main vlm daemon error: Load error on line 1: ﻿###: Unknown VLM command
[000002175507a1a0] main libvlc warning: error while loading the configuration file
[000002175507a1a0] main libvlc: Executando o VLC com a interface padrão. Use 'cvlc' para usar o VLC sem interface.
[00000217571002d0] mp4 demux warning: elst box found
[00000217571002d0] mp4 demux warning: STTS table of 1 entries
[00000217571002d0] mp4 demux warning: CTTS table of 57847 entries
[00000217571002d0] mp4 demux warning: STTS table of 1 entries
[000002175818dc60] faad decoder warning: decoded zero sample
[000002175726c970] d3d11va generic warning: not enough decoding slices in the texture (6/24)
[00000217580430b0] avcodec decoder: Using D3D11VA (NVIDIA GeForce RTX 3070, vendor 10de(NVIDIA), device 2488, revision a1) for hardware decoding
[0000021757cf7f50] qt window warning: orphaned video window
[00000217582ba940] direct3d11 vout display error: SetThumbNailClip failed: 0x800706f4
Sun, 03 Mar 2024 22:02:20 -03 INF ..\..\..\..\..\Users\runneradmin\go\pkg\mod\github.com\portapps\portapps\v3@v3.3.1\portapps.go:211 > Closing VLC
